2018-03-30 01:06:43 +0000  Initial pipeline context: <IDEDistributionProcessingPipelineContext: 0x7f97e08962d0; archive(resolved)='<IDEArchive: 0x7f97dfcc23e0>', distributionTask(resolved)='2', distributionMethod(resolved)='<IDEDistributionMethodDevelopmentSigned: 0x7f97dffb2ea0>', team(resolved)='<IDEProvisioningBasicTeam 0x7f97fed034f0: teamID: 5UKNVHVY95, teamName: XIAMEN SHUNBANG NETWORK TECHNOLOGY CO.,LTD>'>
	Chain (11, self inclusive):
	<IDEDistributionProcessingPipelineContext: 0x7f97e08962d0; archive = '<IDEArchive: 0x7f97dfcc23e0>', distributionMethod='<IDEDistributionMethodDevelopmentSigned: 0x7f97dffb2ea0>', team='<IDEProvisioningBasicTeam 0x7f97fed034f0: teamID: 5UKNVHVY95, teamName: XIAMEN SHUNBANG NETWORK TECHNOLOGY CO.,LTD>'>
	<IDEDistributionProcessingPipelineContext: 0x7f97e0895190; archive = '<IDEArchive: 0x7f97dfcc23e0>', distributionMethod='<IDEDistributionMethodDevelopmentSigned: 0x7f97dffb2ea0>', team='<IDEProvisioningBasicTeam 0x7f97fed034f0: teamID: 5UKNVHVY95, teamName: XIAMEN SHUNBANG NETWORK TECHNOLOGY CO.,LTD>'>
	<IDEDistributionContext: 0x7f97e19db420; archive = '<IDEArchive: 0x7f97dfcc23e0>', distributionMethod='<IDEDistributionMethodDevelopmentSigned: 0x7f97dffb2ea0>', team='<IDEProvisioningBasicTeam 0x7f97fed034f0: teamID: 5UKNVHVY95, teamName: XIAMEN SHUNBANG NETWORK TECHNOLOGY CO.,LTD>'>
	<IDEDistributionContext: 0x7f97fece4080; archive = '<IDEArchive: 0x7f97dfcc23e0>', distributionMethod='<IDEDistributionMethodDevelopmentSigned: 0x7f97dffb2ea0>', team='<IDEProvisioningBasicTeam 0x7f97fed034f0: teamID: 5UKNVHVY95, teamName: XIAMEN SHUNBANG NETWORK TECHNOLOGY CO.,LTD>'>
	<IDEDistributionContext: 0x7f97feca9f90; archive = '<IDEArchive: 0x7f97dfcc23e0>', distributionMethod='<IDEDistributionMethodDevelopmentSigned: 0x7f97dffb2ea0>', team='<IDEProvisioningBasicTeam 0x7f97fed034f0: teamID: 5UKNVHVY95, teamName: XIAMEN SHUNBANG NETWORK TECHNOLOGY CO.,LTD>'>
	<IDEDistributionContext: 0x7f97ff094e20; archive = '<IDEArchive: 0x7f97dfcc23e0>', distributionMethod='<IDEDistributionMethodDevelopmentSigned: 0x7f97dffb2ea0>', team='<IDEProvisioningBasicTeam 0x7f97fed034f0: teamID: 5UKNVHVY95, teamName: XIAMEN SHUNBANG NETWORK TECHNOLOGY CO.,LTD>'>
	<IDEDistributionContext: 0x7f97dffcdad0; archive = '<IDEArchive: 0x7f97dfcc23e0>', distributionMethod='<IDEDistributionMethodDevelopmentSigned: 0x7f97dffb2ea0>', team='<IDEProvisioningBasicTeam 0x7f97fed034f0: teamID: 5UKNVHVY95, teamName: XIAMEN SHUNBANG NETWORK TECHNOLOGY CO.,LTD>'>
	<IDEDistributionContext: 0x7f97fbca4d50; archive = '<IDEArchive: 0x7f97dfcc23e0>', distributionMethod='<IDEDistributionMethodDevelopmentSigned: 0x7f97dffb2ea0>', team='<IDEProvisioningBasicTeam 0x7f97fed034f0: teamID: 5UKNVHVY95, teamName: XIAMEN SHUNBANG NETWORK TECHNOLOGY CO.,LTD>'>
	<IDEDistributionContext: 0x7f97ff0d7f90; archive = '<IDEArchive: 0x7f97dfcc23e0>', distributionMethod='<IDEDistributionMethodDevelopmentSigned: 0x7f97dffb2ea0>', team='<IDEProvisioningBasicTeam 0x7f97fed034f0: teamID: 5UKNVHVY95, teamName: XIAMEN SHUNBANG NETWORK TECHNOLOGY CO.,LTD>'>
	<IDEDistributionContext: 0x7f97ff26f650; archive = '<IDEArchive: 0x7f97dfcc23e0>', distributionMethod='<IDEDistributionMethodDevelopmentSigned: 0x7f97dffb2ea0>', team='(null)'>
	<IDEDistributionContext: 0x7f97e0f329a0; archive = '<IDEArchive: 0x7f97dfcc23e0>', distributionMethod='(null)', team='(null)'>
</IDEDistributionProcessingPipelineContext: 0x7f97e08962d0>
2018-03-30 01:06:43 +0000  Processing step: IDEDistributionCreateDestRootStep
2018-03-30 01:06:43 +0000  Processing step: IDEDistributionCopyItemStep
2018-03-30 01:06:43 +0000  Running /usr/bin/ditto '-V' '/Users/shun/Library/Developer/Xcode/Archives/2018-03-29/Gamebox7724 2018-3-29 下午2.03.xcarchive/Products/Applications/Gamebox7724.app' '/var/folders/7t/54slgq8j2nb0tv1xm076yvlh0000gn/T/XcodeDistPipeline.Y2W/Root/Payload/Gamebox7724.app'
2018-03-30 01:06:43 +0000  >>> Copying /Users/shun/Library/Developer/Xcode/Archives/2018-03-29/Gamebox7724 2018-3-29 下午2.03.xcarchive/Products/Applications/Gamebox7724.app 
2018-03-30 01:06:43 +0000  copying file ./_CodeSignature/CodeResources ... 
2018-03-30 01:06:43 +0000  73338 bytes for ./_CodeSignature/CodeResources
2018-03-30 01:06:43 +0000  copying file ./_index.scss ... 
2018-03-30 01:06:43 +0000  305 bytes for ./_index.scss
copying file ./_layout.scss ... 
3850 bytes for ./_layout.scss
copying file ./_normalize.scss ... 
2018-03-30 01:06:43 +0000  10627 bytes for ./_normalize.scss
copying file ./_object.scss ... 
2018-03-30 01:06:43 +0000  1326 bytes for ./_object.scss
copying file ./_print.scss ... 
2018-03-30 01:06:43 +0000  448 bytes for ./_print.scss
2018-03-30 01:06:43 +0000  copying file ./_variables.scss ... 
2018-03-30 01:06:43 +0000  347 bytes for ./_variables.scss
copying file ./_xcode.scss ... 
2018-03-30 01:06:43 +0000  295 bytes for ./_xcode.scss
copying file ./About.txt ... 
2018-03-30 01:06:43 +0000  204 bytes for ./About.txt
2018-03-30 01:06:43 +0000  copying file ./AppIcon20x20@2x.png ... 
2018-03-30 01:06:43 +0000  2608 bytes for ./AppIcon20x20@2x.png
copying file ./AppIcon20x20@2x~ipad.png ... 
2018-03-30 01:06:43 +0000  2608 bytes for ./AppIcon20x20@2x~ipad.png
copying file ./AppIcon20x20@3x.png ... 
2018-03-30 01:06:43 +0000  3576 bytes for ./AppIcon20x20@3x.png
2018-03-30 01:06:43 +0000  copying file ./AppIcon20x20~ipad.png ... 
2018-03-30 01:06:43 +0000  1661 bytes for ./AppIcon20x20~ipad.png
copying file ./AppIcon29x29@2x.png ... 
2018-03-30 01:06:43 +0000  3433 bytes for ./AppIcon29x29@2x.png
copying file ./AppIcon29x29@2x~ipad.png ... 
2018-03-30 01:06:43 +0000  3433 bytes for ./AppIcon29x29@2x~ipad.png
copying file ./AppIcon29x29@3x.png ... 
2018-03-30 01:06:43 +0000  4996 bytes for ./AppIcon29x29@3x.png
2018-03-30 01:06:43 +0000  copying file ./AppIcon29x29~ipad.png ... 
2018-03-30 01:06:43 +0000  2081 bytes for ./AppIcon29x29~ipad.png
copying file ./AppIcon40x40@2x.png ... 
2018-03-30 01:06:43 +0000  4655 bytes for ./AppIcon40x40@2x.png
copying file ./AppIcon40x40@2x~ipad.png ... 
2018-03-30 01:06:43 +0000  4655 bytes for ./AppIcon40x40@2x~ipad.png
copying file ./AppIcon40x40@3x.png ... 
2018-03-30 01:06:43 +0000  6367 bytes for ./AppIcon40x40@3x.png
copying file ./AppIcon40x40~ipad.png ... 
2018-03-30 01:06:43 +0000  2608 bytes for ./AppIcon40x40~ipad.png
2018-03-30 01:06:43 +0000  copying file ./AppIcon60x60@2x.png ... 
2018-03-30 01:06:43 +0000  6367 bytes for ./AppIcon60x60@2x.png
copying file ./AppIcon60x60@3x.png ... 
2018-03-30 01:06:43 +0000  8991 bytes for ./AppIcon60x60@3x.png
copying file ./AppIcon76x76@2x~ipad.png ... 
7816 bytes for ./AppIcon76x76@2x~ipad.png
copying file ./AppIcon76x76~ipad.png ... 
2018-03-30 01:06:43 +0000  4468 bytes for ./AppIcon76x76~ipad.png
copying file ./AppIcon83.5x83.5@2x~ipad.png ... 
2018-03-30 01:06:43 +0000  8403 bytes for ./AppIcon83.5x83.5@2x~ipad.png
copying file ./archived-expanded-entitlements.xcent ... 
2018-03-30 01:06:43 +0000  363 bytes for ./archived-expanded-entitlements.xcent
copying file ./Assets.car ... 
2018-03-30 01:06:43 +0000  6434640 bytes for ./Assets.car
copying file ./back@2x.png ... 
2018-03-30 01:06:43 +0000  613 bytes for ./back@2x.png
copying file ./back@3x.png ... 
322 bytes for ./back@3x.png
copying file ./Base.lproj/LaunchScreen.storyboardc/01J-lp-oVM-view-Ze5-6b-2t3.nib ... 
1791 bytes for ./Base.lproj/LaunchScreen.storyboardc/01J-lp-oVM-view-Ze5-6b-2t3.nib
copying file ./Base.lproj/LaunchScreen.storyboardc/Info.plist ... 
258 bytes for ./Base.lproj/LaunchScreen.storyboardc/Info.plist
copying file ./Base.lproj/LaunchScreen.storyboardc/UIViewController-01J-lp-oVM.nib ... 
832 bytes for ./Base.lproj/LaunchScreen.storyboardc/UIViewController-01J-lp-oVM.nib
copying file ./button_bar_background.png ... 
2826 bytes for ./button_bar_background.png
copying file ./close@2x.png ... 
800 bytes for ./close@2x.png
copying file ./close@3x.png ... 
1243 bytes for ./close@3x.png
copying file ./content.html ... 
2906 bytes for ./content.html
copying file ./disclosure.png ... 
119 bytes for ./disclosure.png
copying file ./disclosure_open.png ... 
135 bytes for ./disclosure_open.png
copying file ./embedded.mobileprovision ... 
7648 bytes for ./embedded.mobileprovision
copying file ./EmojisList.plist ... 
5793 bytes for ./EmojisList.plist
copying file ./eScenarioType.html ... 
4300 bytes for ./eScenarioType.html
copying file ./Frameworks/SocketRocket.framework/_CodeSignature/CodeResources ... 
2202 bytes for ./Frameworks/SocketRocket.framework/_CodeSignature/CodeResources
copying file ./Frameworks/SocketRocket.framework/Info.plist ... 
755 bytes for ./Frameworks/SocketRocket.framework/Info.plist
copying file ./Frameworks/SocketRocket.framework/SocketRocket ... 
332656 bytes for ./Frameworks/SocketRocket.framework/SocketRocket
copying file ./Gamebox7724 ... 
2018-03-30 01:06:43 +0000  15325776 bytes for ./Gamebox7724
copying file ./hierarchy.html ... 
2018-03-30 01:06:43 +0000  2164 bytes for ./hierarchy.html
copying file ./ico_check_nomal@2x.png ... 
1204 bytes for ./ico_check_nomal@2x.png
copying file ./ico_check_nomal@3x.png ... 
2040 bytes for ./ico_check_nomal@3x.png
copying file ./ico_check_select@2x.png ... 
1002 bytes for ./ico_check_select@2x.png
copying file ./ico_check_select@3x.png ... 
1572 bytes for ./ico_check_select@3x.png
copying file ./index.html ... 
2228 bytes for ./index.html
copying file ./Info.plist ... 
3136 bytes for ./Info.plist
copying file ./LaunchImage-1100-Portrait-2436h@3x.png ... 
504295 bytes for ./LaunchImage-1100-Portrait-2436h@3x.png
copying file ./LaunchImage-700-568h@2x.png ... 
198350 bytes for ./LaunchImage-700-568h@2x.png
copying file ./LaunchImage-700@2x.png ... 
151297 bytes for ./LaunchImage-700@2x.png
copying file ./LaunchImage-800-667h@2x.png ... 
226364 bytes for ./LaunchImage-800-667h@2x.png
copying file ./LaunchImage-800-Portrait-736h@3x.png ... 
526069 bytes for ./LaunchImage-800-Portrait-736h@3x.png
copying file ./library_background.png ... 
287 bytes for ./library_background.png
copying file ./LICENSE ... 
1104 bytes for ./LICENSE
copying file ./LICENSE.txt ... 
1272 bytes for ./LICENSE.txt
copying file ./LQPhotoViewCell.nib ... 
3918 bytes for ./LQPhotoViewCell.nib
copying file ./MGroupCell.nib ... 
2967 bytes for ./MGroupCell.nib
copying file ./MImaCell.nib ... 
3214 bytes for ./MImaCell.nib
copying file ./MJRefresh.bundle/arrow@2x.png ... 
2018-03-30 01:06:43 +0000  1033 bytes for ./MJRefresh.bundle/arrow@2x.png
2018-03-30 01:06:43 +0000  copying file ./MJRefresh.bundle/en.lproj/Localizable.strings ... 
2018-03-30 01:06:43 +0000  1318 bytes for ./MJRefresh.bundle/en.lproj/Localizable.strings
2018-03-30 01:06:43 +0000  copying file ./MJRefresh.bundle/zh-Hans.lproj/Localizable.strings ... 
2018-03-30 01:06:43 +0000  1180 bytes for ./MJRefresh.bundle/zh-Hans.lproj/Localizable.strings
2018-03-30 01:06:43 +0000  copying file ./MJRefresh.bundle/zh-Hant.lproj/Localizable.strings ... 
2018-03-30 01:06:43 +0000  773 bytes for ./MJRefresh.bundle/zh-Hant.lproj/Localizable.strings
2018-03-30 01:06:43 +0000  copying file ./MobClick.html ... 
2018-03-30 01:06:43 +0000  54481 bytes for ./MobClick.html
copying file ./MobClickGameAnalytics.html ... 
2018-03-30 01:06:43 +0000  25857 bytes for ./MobClickGameAnalytics.html
copying file ./MobClickSocialAnalytics.html ... 
2018-03-30 01:06:43 +0000  5429 bytes for ./MobClickSocialAnalytics.html
copying file ./MobClickSocialAnalyticsCompletion.html ... 
2018-03-30 01:06:43 +0000  2846 bytes for ./MobClickSocialAnalyticsCompletion.html
2018-03-30 01:06:43 +0000  copying file ./MobClickSocialWeibo.html ... 
2018-03-30 01:06:43 +0000  9205 bytes for ./MobClickSocialWeibo.html
copying file ./none.png ... 
2018-03-30 01:06:43 +0000  2825 bytes for ./none.png
2018-03-30 01:06:43 +0000  copying file ./PkgInfo ... 
2018-03-30 01:06:43 +0000  8 bytes for ./PkgInfo
copying file ./plus@2x.png ... 
2018-03-30 01:06:43 +0000  1396 bytes for ./plus@2x.png
copying file ./plus@3x.png ... 
2018-03-30 01:06:43 +0000  2161 bytes for ./plus@3x.png
copying file ./read_me.txt ... 
2018-03-30 01:06:43 +0000  1302 bytes for ./read_me.txt
copying file ./README.md ... 
2018-03-30 01:06:43 +0000  41621 bytes for ./README.md
copying file ./README.txt ... 
2018-03-30 01:06:43 +0000  321 bytes for ./README.txt
copying file ./screen_full@2x.png ... 
2018-03-30 01:06:43 +0000  751 bytes for ./screen_full@2x.png
copying file ./screen_full@3x.png ... 
2018-03-30 01:06:43 +0000  765 bytes for ./screen_full@3x.png
copying file ./screen_unfull@2x.png ... 
2018-03-30 01:06:43 +0000  749 bytes for ./screen_unfull@2x.png
2018-03-30 01:06:43 +0000  copying file ./screen_unfull@3x.png ... 
2018-03-30 01:06:43 +0000  658 bytes for ./screen_unfull@3x.png
copying file ./script.js ... 
2018-03-30 01:06:43 +0000  1516 bytes for ./script.js
copying file ./SIAlertView.bundle/button-cancel-d.png ... 
2018-03-30 01:06:43 +0000  1041 bytes for ./SIAlertView.bundle/button-cancel-d.png
copying file ./SIAlertView.bundle/button-cancel-d@2x.png ... 
2018-03-30 01:06:43 +0000  1245 bytes for ./SIAlertView.bundle/button-cancel-d@2x.png
2018-03-30 01:06:43 +0000  copying file ./SIAlertView.bundle/button-cancel.png ... 
2018-03-30 01:06:43 +0000  1030 bytes for ./SIAlertView.bundle/button-cancel.png
copying file ./SIAlertView.bundle/button-cancel@2x.png ... 
2018-03-30 01:06:43 +0000  1179 bytes for ./SIAlertView.bundle/button-cancel@2x.png
copying file ./SIAlertView.bundle/button-default-d.png ... 
2018-03-30 01:06:43 +0000  1045 bytes for ./SIAlertView.bundle/button-default-d.png
copying file ./SIAlertView.bundle/button-default-d@2x.png ... 
2018-03-30 01:06:43 +0000  1247 bytes for ./SIAlertView.bundle/button-default-d@2x.png
copying file ./SIAlertView.bundle/button-default.png ... 
2018-03-30 01:06:43 +0000  1035 bytes for ./SIAlertView.bundle/button-default.png
2018-03-30 01:06:43 +0000  copying file ./SIAlertView.bundle/button-default@2x.png ... 
2018-03-30 01:06:43 +0000  1178 bytes for ./SIAlertView.bundle/button-default@2x.png
copying file ./SIAlertView.bundle/button-destructive-d.png ... 
2018-03-30 01:06:43 +0000  1057 bytes for ./SIAlertView.bundle/button-destructive-d.png
copying file ./SIAlertView.bundle/button-destructive-d@2x.png ... 
2018-03-30 01:06:43 +0000  1237 bytes for ./SIAlertView.bundle/button-destructive-d@2x.png
copying file ./SIAlertView.bundle/button-destructive.png ... 
2018-03-30 01:06:43 +0000  1033 bytes for ./SIAlertView.bundle/button-destructive.png
2018-03-30 01:06:43 +0000  copying file ./SIAlertView.bundle/button-destructive@2x.png ... 
2018-03-30 01:06:43 +0000  1187 bytes for ./SIAlertView.bundle/button-destructive@2x.png
2018-03-30 01:06:43 +0000  copying file ./snow.png ... 
2018-03-30 01:06:43 +0000  6195 bytes for ./snow.png
copying file ./style.css ... 
2018-03-30 01:06:43 +0000  7722 bytes for ./style.css
2018-03-30 01:06:43 +0000  copying file ./style.scss ... 
2018-03-30 01:06:43 +0000  81 bytes for ./style.scss
2018-03-30 01:06:43 +0000  copying file ./SVProgressHUD.bundle/angle-mask.png ... 
3482 bytes for ./SVProgressHUD.bundle/angle-mask.png
copying file ./SVProgressHUD.bundle/angle-mask@2x.png ... 
2018-03-30 01:06:43 +0000  5614 bytes for ./SVProgressHUD.bundle/angle-mask@2x.png
copying file ./SVProgressHUD.bundle/angle-mask@3x.png ... 
2018-03-30 01:06:43 +0000  9389 bytes for ./SVProgressHUD.bundle/angle-mask@3x.png
copying file ./SVProgressHUD.bundle/error.png ... 
2018-03-30 01:06:43 +0000  455 bytes for ./SVProgressHUD.bundle/error.png
copying file ./SVProgressHUD.bundle/error@2x.png ... 
2018-03-30 01:06:43 +0000  1137 bytes for ./SVProgressHUD.bundle/error@2x.png
2018-03-30 01:06:43 +0000  copying file ./SVProgressHUD.bundle/error@3x.png ... 
2018-03-30 01:06:43 +0000  2315 bytes for ./SVProgressHUD.bundle/error@3x.png
copying file ./SVProgressHUD.bundle/info.png ... 
2018-03-30 01:06:43 +0000  1123 bytes for ./SVProgressHUD.bundle/info.png
copying file ./SVProgressHUD.bundle/info@2x.png ... 
2018-03-30 01:06:43 +0000  2554 bytes for ./SVProgressHUD.bundle/info@2x.png
copying file ./SVProgressHUD.bundle/info@3x.png ... 
2018-03-30 01:06:43 +0000  4385 bytes for ./SVProgressHUD.bundle/info@3x.png
copying file ./SVProgressHUD.bundle/success.png ... 
2018-03-30 01:06:43 +0000  349 bytes for ./SVProgressHUD.bundle/success.png
2018-03-30 01:06:43 +0000  copying file ./SVProgressHUD.bundle/success@2x.png ... 
2018-03-30 01:06:43 +0000  811 bytes for ./SVProgressHUD.bundle/success@2x.png
copying file ./SVProgressHUD.bundle/success@3x.png ... 
2018-03-30 01:06:43 +0000  1576 bytes for ./SVProgressHUD.bundle/success@3x.png
2018-03-30 01:06:43 +0000  copying file ./TencentOpenApi_IOS_Bundle.bundle/error.png ... 
2018-03-30 01:06:43 +0000  1578 bytes for ./TencentOpenApi_IOS_Bundle.bundle/error.png
2018-03-30 01:06:43 +0000  copying file ./TencentOpenApi_IOS_Bundle.bundle/local.html ... 
2018-03-30 01:06:43 +0000  4556 bytes for ./TencentOpenApi_IOS_Bundle.bundle/local.html
copying file ./TencentOpenApi_IOS_Bundle.bundle/qqicon.png ... 
2018-03-30 01:06:43 +0000  1855 bytes for ./TencentOpenApi_IOS_Bundle.bundle/qqicon.png
copying file ./TencentOpenApi_IOS_Bundle.bundle/success.png ... 
2018-03-30 01:06:43 +0000  1761 bytes for ./TencentOpenApi_IOS_Bundle.bundle/success.png
2018-03-30 01:06:43 +0000  copying file ./title_background.png ... 
2018-03-30 01:06:43 +0000  222 bytes for ./title_background.png
copying file ./UMAnalytics_Sdk_ReleaseNotes.html ... 
2018-03-30 01:06:43 +0000  17916 bytes for ./UMAnalytics_Sdk_ReleaseNotes.html
2018-03-30 01:06:43 +0000  copying file ./UMAnalyticsConfig.html ... 
2018-03-30 01:06:43 +0000  9291 bytes for ./UMAnalyticsConfig.html
2018-03-30 01:06:43 +0000  copying file ./UMSocialSDKResources.bundle/Buttons/UMS_add_friend_off@2x.png ... 
2018-03-30 01:06:43 +0000  134 bytes for ./UMSocialSDKResources.bundle/Buttons/UMS_add_friend_off@2x.png
2018-03-30 01:06:43 +0000  copying file ./UMSocialSDKResources.bundle/Buttons/UMS_delete_image_button_normal@2x.png ... 
2018-03-30 01:06:43 +0000  891 bytes for ./UMSocialSDKResources.bundle/Buttons/UMS_delete_image_button_normal@2x.png
copying file ./UMSocialSDKResources.bundle/Buttons/UMS_nav_button_close@2x.png ... 
2018-03-30 01:06:43 +0000  500 bytes for ./UMSocialSDKResources.bundle/Buttons/UMS_nav_button_close@2x.png
copying file ./UMSocialSDKResources.bundle/Buttons/UMS_nav_button_send@2x.png ... 
2018-03-30 01:06:43 +0000  1624 bytes for ./UMSocialSDKResources.bundle/Buttons/UMS_nav_button_send@2x.png
2018-03-30 01:06:43 +0000  copying file ./UMSocialSDKResources.bundle/Buttons/UMS_url_image@2x.png ... 
1562 bytes for ./UMSocialSDKResources.bundle/Buttons/UMS_url_image@2x.png
copying file ./UMSocialSDKResources.bundle/Buttons/UMS_url_music@2x.png ... 
2018-03-30 01:06:43 +0000  1771 bytes for ./UMSocialSDKResources.bundle/Buttons/UMS_url_music@2x.png
copying file ./UMSocialSDKResources.bundle/Buttons/UMS_url_video@2x.png ... 
2018-03-30 01:06:43 +0000  2062 bytes for ./UMSocialSDKResources.bundle/Buttons/UMS_url_video@2x.png
2018-03-30 01:06:43 +0000  copying file ./UMSocialSDKResources.bundle/en.lproj/UMSocialLocalizable.strings ... 
2018-03-30 01:06:43 +0000  6398 bytes for ./UMSocialSDKResources.bundle/en.lproj/UMSocialLocalizable.strings
2018-03-30 01:06:43 +0000  copying file ./UMSocialSDKResources.bundle/UMSocialPlatformTheme/default/umsocial_alipay.png ... 
2018-03-30 01:06:43 +0000  1370 bytes for ./UMSocialSDKResources.bundle/UMSocialPlatformTheme/default/umsocial_alipay.png
copying file ./UMSocialSDKResources.bundle/UMSocialPlatformTheme/default/umsocial_default.png ... 
4203 bytes for ./UMSocialSDKResources.bundle/UMSocialPlatformTheme/default/umsocial_default.png
copying file ./UMSocialSDKResources.bundle/UMSocialPlatformTheme/default/umsocial_dingding.png ... 
1390 bytes for ./UMSocialSDKResources.bundle/UMSocialPlatformTheme/default/umsocial_dingding.png
copying file ./UMSocialSDKResources.bundle/UMSocialPlatformTheme/default/umsocial_douban.png ... 
813 bytes for ./UMSocialSDKResources.bundle/UMSocialPlatformTheme/default/umsocial_douban.png
copying file ./UMSocialSDKResources.bundle/UMSocialPlatformTheme/default/umsocial_dropbox.png ... 
1692 bytes for ./UMSocialSDKResources.bundle/UMSocialPlatformTheme/default/umsocial_dropbox.png
copying file ./UMSocialSDKResources.bundle/UMSocialPlatformTheme/default/umsocial_email.png ... 
1211 bytes for ./UMSocialSDKResources.bundle/UMSocialPlatformTheme/default/umsocial_email.png
copying file ./UMSocialSDKResources.bundle/UMSocialPlatformTheme/default/umsocial_evernote.png ... 
1267 bytes for ./UMSocialSDKResources.bundle/UMSocialPlatformTheme/default/umsocial_evernote.png
copying file ./UMSocialSDKResources.bundle/UMSocialPlatformTheme/default/umsocial_facebook.png ... 
1468 bytes for ./UMSocialSDKResources.bundle/UMSocialPlatformTheme/default/umsocial_facebook.png
copying file ./UMSocialSDKResources.bundle/UMSocialPlatformTheme/default/umsocial_facebookmessenger.png ... 
1749 bytes for ./UMSocialSDKResources.bundle/UMSocialPlatformTheme/default/umsocial_facebookmessenger.png
copying file ./UMSocialSDKResources.bundle/UMSocialPlatformTheme/default/umsocial_flickr.png ... 
979 bytes for ./UMSocialSDKResources.bundle/UMSocialPlatformTheme/default/umsocial_flickr.png
copying file ./UMSocialSDKResources.bundle/UMSocialPlatformTheme/default/umsocial_googleplus.png ... 
2320 bytes for ./UMSocialSDKResources.bundle/UMSocialPlatformTheme/default/umsocial_googleplus.png
copying file ./UMSocialSDKResources.bundle/UMSocialPlatformTheme/default/umsocial_instagram.png ... 
1952 bytes for ./UMSocialSDKResources.bundle/UMSocialPlatformTheme/default/umsocial_instagram.png
copying file ./UMSocialSDKResources.bundle/UMSocialPlatformTheme/default/umsocial_kakaoTalk.png ... 
1893 bytes for ./UMSocialSDKResources.bundle/UMSocialPlatformTheme/default/umsocial_kakaoTalk.png
copying file ./UMSocialSDKResources.bundle/UMSocialPlatformTheme/default/umsocial_line.png ... 
1720 bytes for ./UMSocialSDKResources.bundle/UMSocialPlatformTheme/default/umsocial_line.png
copying file ./UMSocialSDKResources.bundle/UMSocialPlatformTheme/default/umsocial_linkedin.png ... 
1637 bytes for ./UMSocialSDKResources.bundle/UMSocialPlatformTheme/default/umsocial_linkedin.png
copying file ./UMSocialSDKResources.bundle/UMSocialPlatformTheme/default/umsocial_lw_session.png ... 
2391 bytes for ./UMSocialSDKResources.bundle/UMSocialPlatformTheme/default/umsocial_lw_session.png
copying file ./UMSocialSDKResources.bundle/UMSocialPlatformTheme/default/umsocial_lw_timeline.png ... 
1139 bytes for ./UMSocialSDKResources.bundle/UMSocialPlatformTheme/default/umsocial_lw_timeline.png
copying file ./UMSocialSDKResources.bundle/UMSocialPlatformTheme/default/umsocial_pinterest.png ... 
1987 bytes for ./UMSocialSDKResources.bundle/UMSocialPlatformTheme/default/umsocial_pinterest.png
copying file ./UMSocialSDKResources.bundle/UMSocialPlatformTheme/default/umsocial_pocket.png ... 
1405 bytes for ./UMSocialSDKResources.bundle/UMSocialPlatformTheme/default/umsocial_pocket.png
copying file ./UMSocialSDKResources.bundle/UMSocialPlatformTheme/default/umsocial_qq.png ... 
3505 bytes for ./UMSocialSDKResources.bundle/UMSocialPlatformTheme/default/umsocial_qq.png
copying file ./UMSocialSDKResources.bundle/UMSocialPlatformTheme/default/umsocial_qzone.png ... 
2083 bytes for ./UMSocialSDKResources.bundle/UMSocialPlatformTheme/default/umsocial_qzone.png
copying file ./UMSocialSDKResources.bundle/UMSocialPlatformTheme/default/
2018-03-30 01:06:43 +0000  umsocial_renren.png ... 
1529 bytes for ./UMSocialSDKResources.bundle/UMSocialPlatformTheme/default/umsocial_renren.png
copying file ./UMSocialSDKResources.bundle/UMSocialPlatformTheme/default/umsocial_sina.png ... 
2581 bytes for ./UMSocialSDKResources.bundle/UMSocialPlatformTheme/default/umsocial_sina.png
copying file ./UMSocialSDKResources.bundle/UMSocialPlatformTheme/default/umsocial_sms.png ... 
1127 bytes for ./UMSocialSDKResources.bundle/UMSocialPlatformTheme/default/umsocial_sms.png
copying file ./UMSocialSDKResources.bundle/UMSocialPlatformTheme/default/umsocial_tencentWB.png ... 
1943 bytes for ./UMSocialSDKResources.bundle/UMSocialPlatformTheme/default/umsocial_tencentWB.png
copying file ./UMSocialSDKResources.bundle/UMSocialPlatformTheme/default/umsocial_tumblr.png ... 
1564 bytes for ./UMSocialSDKResources.bundle/UMSocialPlatformTheme/default/umsocial_tumblr.png
copying file ./UMSocialSDKResources.bundle/UMSocialPlatformTheme/default/umsocial_twitter.png ... 
1442 bytes for ./UMSocialSDKResources.bundle/UMSocialPlatformTheme/default/umsocial_twitter.png
copying file ./UMSocialSDKResources.bundle/UMSocialPlatformTheme/default/umsocial_vkontakte.png ... 
1867 bytes for ./UMSocialSDKResources.bundle/UMSocialPlatformTheme/default/umsocial_vkontakte.png
copying file ./UMSocialSDKResources.bundle/UMSocialPlatformTheme/default/umsocial_wechat.png ... 
2018-03-30 01:06:43 +0000  1628 bytes for ./UMSocialSDKResources.bundle/UMSocialPlatformTheme/default/umsocial_wechat.png
copying file ./UMSocialSDKResources.bundle/UMSocialPlatformTheme/default/umsocial_wechat_favorite.png ... 
1179 bytes for ./UMSocialSDKResources.bundle/UMSocialPlatformTheme/default/umsocial_wechat_favorite.png
copying file ./UMSocialSDKResources.bundle/UMSocialPlatformTheme/default/umsocial_wechat_timeline.png ... 
1506 bytes for ./UMSocialSDKResources.bundle/UMSocialPlatformTheme/default/umsocial_wechat_timeline.png
copying file ./UMSocialSDKResources.bundle/UMSocialPlatformTheme/default/umsocial_whatsapp.png ... 
1832 bytes for ./UMSocialSDKResources.bundle/UMSocialPlatformTheme/default/umsocial_whatsapp.png
copying file ./UMSocialSDKResources.bundle/UMSocialPlatformTheme/default/umsocial_yixin_favorite.png ... 
4145 bytes for ./UMSocialSDKResources.bundle/UMSocialPlatformTheme/default/umsocial_yixin_favorite.png
copying file ./UMSocialSDKResources.bundle/UMSocialPlatformTheme/default/umsocial_yixin_session.png ... 
1833 bytes for ./UMSocialSDKResources.bundle/UMSocialPlatformTheme/default/umsocial_yixin_session.png
copying file ./UMSocialSDKResources.bundle/UMSocialPlatformTheme/default/umsocial_yixin_timeline.png ... 
2199 bytes for ./UMSocialSDKResources.bundle/UMSocialPlatformTheme/default/umsocial_yixin_timeline.png
copying file ./UMSocialSDKResources.bundle/UMSocialPlatformTheme/default/umsocial_youdaonote.png ... 
1158 bytes for ./UMSocialSDKResources.bundle/UMSocialPlatformTheme/default/umsocial_youdaonote.png
2018-03-30 01:06:43 +0000  2018-03-30 01:06:43 +0000  /usr/bin/ditto exited with 0

2018-03-30 01:06:44 +0000  copying file ./UMSocialSDKResources.bundle/UMSocialWaterMark/umsocial_defaultwatermark.png ... 
3003 bytes for ./UMSocialSDKResources.bundle/UMSocialWaterMark/umsocial_defaultwatermark.png
copying file ./UMSocialSDKResources.bundle/zh-Hans.lproj/UMSocialLocalizable.strings ... 
6577 bytes for ./UMSocialSDKResources.bundle/zh-Hans.lproj/UMSocialLocalizable.strings
copying file ./video_pause@2x.png ... 
435 bytes for ./video_pause@2x.png
copying file ./video_pause@3x.png ... 
285 bytes for ./video_pause@3x.png
copying file ./video_play@2x.png ... 
704 bytes for ./video_play@2x.png
copying file ./video_play@3x.png ... 
664 bytes for ./video_play@3x.png
copying file ./WeiboSDK.bundle/images/alert_error_icon@2x.png ... 
342 bytes for ./WeiboSDK.bundle/images/alert_error_icon@2x.png
copying file ./WeiboSDK.bundle/images/alert_success_icon@2x.png ... 
419 bytes for ./WeiboSDK.bundle/images/alert_success_icon@2x.png
copying file ./WeiboSDK.bundle/images/close.png ... 
1644 bytes for ./WeiboSDK.bundle/images/close.png
copying file ./WeiboSDK.bundle/images/close@2x.png ... 
5320 bytes for ./WeiboSDK.bundle/images/close@2x.png
copying file ./WeiboSDK.bundle/images/common_button_big_blue@2x.png ... 
351 bytes for ./WeiboSDK.bundle/images/common_button_big_blue@2x.png
copying file ./WeiboSDK.bundle/images/common_button_big_blue_disable@2x.png ... 
396 bytes for ./WeiboSDK.bundle/images/common_button_big_blue_disable@2x.png
copying file ./WeiboSDK.bundle/images/common_button_big_blue_highlighted@2x.png ... 
395 bytes for ./WeiboSDK.bundle/images/common_button_big_blue_highlighted@2x.png
copying file ./WeiboSDK.bundle/images/common_button_white.png ... 
400 bytes for ./WeiboSDK.bundle/images/common_button_white.png
copying file ./WeiboSDK.bundle/images/common_button_white@2x.png ... 
367 bytes for ./WeiboSDK.bundle/images/common_button_white@2x.png
copying file ./WeiboSDK.bundle/images/common_button_white_highlighted.png ... 
409 bytes for ./WeiboSDK.bundle/images/common_button_white_highlighted.png
copying file ./WeiboSDK.bundle/images/common_button_white_highlighted@2x.png ... 
378 bytes for ./WeiboSDK.bundle/images/common_button_white_highlighted@2x.png
copying file ./WeiboSDK.bundle/images/common_icon_arrow@2x.png ... 
193 bytes for ./WeiboSDK.bundle/images/common_icon_arrow@2x.png
copying file ./WeiboSDK.bundle/images/compose_keyboardbutton_background.png ... 
473 bytes for ./WeiboSDK.bundle/images/compose_keyboardbutton_background.png
copying file ./WeiboSDK.bundle/images/compose_keyboardbutton_background@2x.png ... 
1205 bytes for ./WeiboSDK.bundle/images/compose_keyboardbutton_background@2x.png
copying file ./WeiboSDK.bundle/images/compose_toolbar_background.png ... 
284 bytes for ./WeiboSDK.bundle/images/compose_toolbar_background.png
copying file ./WeiboSDK.bundle/images/compose_toolbar_background@2x.png ... 
943 bytes for ./WeiboSDK.bundle/images/compose_toolbar_background@2x.png
copying file ./WeiboSDK.bundle/images/empty_failed.png ... 
2933 bytes for ./WeiboSDK.bundle/images/empty_failed.png
copying file ./WeiboSDK.bundle/images/empty_failed@2x.png ... 
4136 bytes for ./WeiboSDK.bundle/images/empty_failed@2x.png
copying file ./WeiboSDK.bundle/images/login_background@2x.png ... 
232 bytes for ./WeiboSDK.bundle/images/login_background@2x.png
copying file ./WeiboSDK.bundle/images/login_country_background@2x.png ... 
114 bytes for ./WeiboSDK.bundle/images/login_country_background@2x.png
copying file ./WeiboSDK.bundle/images/login_country_background_highlighted@2x.png ... 
114 bytes for ./WeiboSDK.bundle/images/login_country_background_highlighted@2x.png
copying file ./WeiboSDK.bundle/images/navigationbar_background.png ... 
290 bytes for ./WeiboSDK.bundle/images/navigationbar_background.png
copying file ./WeiboSDK.bundle/images/navigationbar_background@2x.png ... 
142 bytes for ./WeiboSDK.bundle/images/navigationbar_background@2x.png
copying file ./WeiboSDK.bundle/images/navigationbar_background_os7.png ... 
285 bytes for ./WeiboSDK.bundle/images/navigationbar_background_os7.png
copying file ./WeiboSDK.bundle/images/navigatio
2018-03-30 01:06:44 +0000  Processing step: IDEDistributionEmbedProfileStep
2018-03-30 01:06:44 +0000  Skipping profile for item: <IDEDistributionItem: 0x7f97e0a1ad50 'com.squareup.SocketRocket' '<DVTFilePath:0x7f97f4debd30:'/Users/shun/Library/Developer/Xcode/Archives/2018-03-29/Gamebox7724 2018-3-29 下午2.03.xcarchive/Products/Applications/Gamebox7724.app/Frameworks/SocketRocket.framework'>'>
2018-03-30 01:06:44 +0000  Processing step: IDEDistributionAppThinningPlistStep
2018-03-30 01:06:44 +0000  Skipping step: IDEDistributionAppThinningPlistStep because it said so
2018-03-30 01:06:44 +0000  Processing step: IDEDistributionCompileBitcodeStep
2018-03-30 01:06:44 +0000  Skipping step: IDEDistributionCompileBitcodeStep because it said so
2018-03-30 01:06:44 +0000  Processing step: IDEDistributionCodeSlimmingStep
2018-03-30 01:06:44 +0000  Processing step: IDEDistributionCopyBCSymbolMapsStep
2018-03-30 01:06:44 +0000  Skipping step: IDEDistributionCopyBCSymbolMapsStep because it said so
2018-03-30 01:06:44 +0000  Skipping step: IDEDistributionCopyBCSymbolMapsStep because it said so
2018-03-30 01:06:44 +0000  Processing step: IDEDistributionSymbolsStep
2018-03-30 01:06:44 +0000  Skipping step: IDEDistributionSymbolsStep because it said so
2018-03-30 01:06:44 +0000  Skipping step: IDEDistributionSymbolsStep because it said so
2018-03-30 01:06:44 +0000  Processing step: IDEDistributionAppThinningStep
2018-03-30 01:06:44 +0000  Skipping step: IDEDistributionAppThinningStep because it said so
2018-03-30 01:06:44 +0000  Processing step: IDEDistributionODRStep
2018-03-30 01:06:44 +0000  Processing step: IDEDistributionStripXattrsStep
2018-03-30 01:06:44 +0000  Skipping stripping extended attributes of item: <IDEDistributionItem: 0x7f97e0a1ad50 'com.squareup.SocketRocket' '<DVTFilePath:0x7f97f4debd30:'/Users/shun/Library/Developer/Xcode/Archives/2018-03-29/Gamebox7724 2018-3-29 下午2.03.xcarchive/Products/Applications/Gamebox7724.app/Frameworks/SocketRocket.framework'>'>
2018-03-30 01:06:44 +0000  Running /usr/bin/xattr '-crs' '/var/folders/7t/54slgq8j2nb0tv1xm076yvlh0000gn/T/XcodeDistPipeline.Y2W/Root/Payload/Gamebox7724.app'
2018-03-30 01:06:46 +0000  
2018-03-30 01:06:46 +0000  2018-03-30 01:06:46 +0000  /usr/bin/xattr exited with 0

2018-03-30 01:06:46 +0000  
2018-03-30 01:06:46 +0000  Processing step: IDEDistributionCodesignStep
2018-03-30 01:06:46 +0000  Applying entitlements delta for <IDEDistributionItem: 0x7f97e0a1ad50 'com.squareup.SocketRocket' '<DVTFilePath:0x7f97f4debd30:'/Users/shun/Library/Developer/Xcode/Archives/2018-03-29/Gamebox7724 2018-3-29 下午2.03.xcarchive/Products/Applications/Gamebox7724.app/Frameworks/SocketRocket.framework'>'> from <IDEiCloudEntitlementsProcessor: 0x7f97e181e6f0>: {
}
2018-03-30 01:06:46 +0000  Entitlements for <IDEDistributionItem: 0x7f97e0a1ad50 'com.squareup.SocketRocket' '<DVTFilePath:0x7f97f4debd30:'/Users/shun/Library/Developer/Xcode/Archives/2018-03-29/Gamebox7724 2018-3-29 下午2.03.xcarchive/Products/Applications/Gamebox7724.app/Frameworks/SocketRocket.framework'>'>: {
}
2018-03-30 01:06:46 +0000  Writing entitlements for <IDEDistributionItem: 0x7f97e0a1ad50 'com.squareup.SocketRocket' '<DVTFilePath:0x7f97f4debd30:'/Users/shun/Library/Developer/Xcode/Archives/2018-03-29/Gamebox7724 2018-3-29 下午2.03.xcarchive/Products/Applications/Gamebox7724.app/Frameworks/SocketRocket.framework'>'> to: /var/folders/7t/54slgq8j2nb0tv1xm076yvlh0000gn/T/XcodeDistPipeline.Y2W/entitlementseiJx2p
2018-03-30 01:06:46 +0000  Running /usr/bin/codesign '-vvv' '--force' '--sign' 'B72EFAFDA07956558C8C2262D622F0F41FC92A18' '--preserve-metadata=identifier,flags' '--entitlements' '/var/folders/7t/54slgq8j2nb0tv1xm076yvlh0000gn/T/XcodeDistPipeline.Y2W/entitlementseiJx2p' '/var/folders/7t/54slgq8j2nb0tv1xm076yvlh0000gn/T/XcodeDistPipeline.Y2W/Root/Payload/Gamebox7724.app/Frameworks/SocketRocket.framework'
2018-03-30 01:06:46 +0000  /var/folders/7t/54slgq8j2nb0tv1xm076yvlh0000gn/T/XcodeDistPipeline.Y2W/Root/Payload/Gamebox7724.app/Frameworks/SocketRocket.framework: replacing existing signature
2018-03-30 01:06:46 +0000  /var/folders/7t/54slgq8j2nb0tv1xm076yvlh0000gn/T/XcodeDistPipeline.Y2W/Root/Payload/Gamebox7724.app/Frameworks/SocketRocket.framework: signed bundle with Mach-O universal (armv7 arm64) [com.squareup.SocketRocket]
2018-03-30 01:06:46 +0000  2018-03-30 01:06:46 +0000  

2018-03-30 01:06:46 +0000  
2018-03-30 01:06:46 +0000  /usr/bin/codesign exited with 0
2018-03-30 01:06:46 +0000  2018-03-30 01:06:46 +0000  

2018-03-30 01:06:46 +0000  Applying entitlements delta for <IDEDistributionItem: 0x7f97fed03f40 'com.pipaw.gamebox7724' '<DVTFilePath:0x7f97dfc676d0:'/Users/shun/Library/Developer/Xcode/Archives/2018-03-29/Gamebox7724 2018-3-29 下午2.03.xcarchive/Products/Applications/Gamebox7724.app'>'> from <IDEiCloudEntitlementsProcessor: 0x7f97fbec3ed0>: {
}
2018-03-30 01:06:46 +0000  Entitlements for <IDEDistributionItem: 0x7f97fed03f40 'com.pipaw.gamebox7724' '<DVTFilePath:0x7f97dfc676d0:'/Users/shun/Library/Developer/Xcode/Archives/2018-03-29/Gamebox7724 2018-3-29 下午2.03.xcarchive/Products/Applications/Gamebox7724.app'>'>: {
    "application-identifier" = "5UKNVHVY95.com.pipaw.gamebox7724";
    "aps-environment" = development;
    "com.apple.developer.associated-domains" =     (
        "applinks:qznx67.openlink.cc"
    );
    "com.apple.developer.team-identifier" = 5UKNVHVY95;
    "get-task-allow" = 1;
}
2018-03-30 01:06:46 +0000  Writing entitlements for <IDEDistributionItem: 0x7f97fed03f40 'com.pipaw.gamebox7724' '<DVTFilePath:0x7f97dfc676d0:'/Users/shun/Library/Developer/Xcode/Archives/2018-03-29/Gamebox7724 2018-3-29 下午2.03.xcarchive/Products/Applications/Gamebox7724.app'>'> to: /var/folders/7t/54slgq8j2nb0tv1xm076yvlh0000gn/T/XcodeDistPipeline.Y2W/entitlementshJ4ogo
2018-03-30 01:06:46 +0000  Running /usr/bin/codesign '-vvv' '--force' '--sign' 'B72EFAFDA07956558C8C2262D622F0F41FC92A18' '--preserve-metadata=identifier,flags' '--entitlements' '/var/folders/7t/54slgq8j2nb0tv1xm076yvlh0000gn/T/XcodeDistPipeline.Y2W/entitlementshJ4ogo' '/var/folders/7t/54slgq8j2nb0tv1xm076yvlh0000gn/T/XcodeDistPipeline.Y2W/Root/Payload/Gamebox7724.app'
2018-03-30 01:06:46 +0000  /var/folders/7t/54slgq8j2nb0tv1xm076yvlh0000gn/T/XcodeDistPipeline.Y2W/Root/Payload/Gamebox7724.app: replacing existing signature
2018-03-30 01:06:47 +0000  /var/folders/7t/54slgq8j2nb0tv1xm076yvlh0000gn/T/XcodeDistPipeline.Y2W/Root/Payload/Gamebox7724.app: signed app bundle with Mach-O universal (armv7 arm64) [com.pipaw.gamebox7724]
2018-03-30 01:06:47 +0000  
2018-03-30 01:06:47 +0000  2018-03-30 01:06:47 +0000  

2018-03-30 01:06:47 +0000  2018-03-30 01:06:47 +0000  /usr/bin/codesign exited with 0

2018-03-30 01:06:47 +0000  
2018-03-30 01:06:47 +0000  Processing step: IDEDistributionStreamingZipItemStep
2018-03-30 01:06:47 +0000  Skipping step: IDEDistributionStreamingZipItemStep because it said so
2018-03-30 01:06:47 +0000  Skipping step: IDEDistributionStreamingZipItemStep because it said so
2018-03-30 01:06:47 +0000  Processing step: IDEDistributionCreateIPAStep
2018-03-30 01:06:47 +0000  Running /usr/bin/ditto '-V' '-c' '-k' '--norsrc' '/var/folders/7t/54slgq8j2nb0tv1xm076yvlh0000gn/T/XcodeDistPipeline.Y2W/Root' '/var/folders/7t/54slgq8j2nb0tv1xm076yvlh0000gn/T/XcodeDistPipeline.Y2W/Packages/Gamebox7724.ipa'
2018-03-30 01:06:47 +0000  >>> Copying /var/folders/7t/54slgq8j2nb0tv1xm076yvlh0000gn/T/XcodeDistPipeline.Y2W/Root 
2018-03-30 01:06:47 +0000  copying file ./Payload/Gamebox7724.app/_CodeSignature/CodeResources ... 
2018-03-30 01:06:47 +0000  73338 bytes for ./Payload/Gamebox7724.app/_CodeSignature/CodeResources
2018-03-30 01:06:47 +0000  copying file ./Payload/Gamebox7724.app/_index.scss ... 
305 bytes for ./Payload/Gamebox7724.app/_index.scss
2018-03-30 01:06:47 +0000  copying file ./Payload/Gamebox7724.app/_layout.scss ... 
3850 bytes for ./Payload/Gamebox7724.app/_layout.scss
copying file ./Payload/Gamebox7724.app/_normalize.scss ... 
2018-03-30 01:06:47 +0000  10627 bytes for ./Payload/Gamebox7724.app/_normalize.scss
copying file ./Payload/Gamebox7724.app/_object.scss ... 
2018-03-30 01:06:47 +0000  1326 bytes for ./Payload/Gamebox7724.app/_object.scss
copying file ./Payload/Gamebox7724.app/_print.scss ... 
448 bytes for ./Payload/Gamebox7724.app/_print.scss
copying file ./Payload/Gamebox7724.app/_variables.scss ... 
2018-03-30 01:06:47 +0000  347 bytes for ./Payload/Gamebox7724.app/_variables.scss
copying file ./Payload/Gamebox7724.app/_xcode.scss ... 
295 bytes for ./Payload/Gamebox7724.app/_xcode.scss
copying file ./Payload/Gamebox7724.app/About.txt ... 
2018-03-30 01:06:47 +0000  204 bytes for ./Payload/Gamebox7724.app/About.txt
copying file ./Payload/Gamebox7724.app/AppIcon20x20@2x.png ... 
2608 bytes for ./Payload/Gamebox7724.app/AppIcon20x20@2x.png
2018-03-30 01:06:47 +0000  copying file ./Payload/Gamebox7724.app/AppIcon20x20@2x~ipad.png ... 
2608 bytes for ./Payload/Gamebox7724.app/AppIcon20x20@2x~ipad.png
copying file ./Payload/Gamebox7724.app/AppIcon20x20@3x.png ... 
2018-03-30 01:06:47 +0000  3576 bytes for ./Payload/Gamebox7724.app/AppIcon20x20@3x.png
copying file ./Payload/Gamebox7724.app/AppIcon20x20~ipad.png ... 
2018-03-30 01:06:47 +0000  1661 bytes for ./Payload/Gamebox7724.app/AppIcon20x20~ipad.png
copying file ./Payload/Gamebox7724.app/AppIcon29x29@2x.png ... 
2018-03-30 01:06:47 +0000  3433 bytes for ./Payload/Gamebox7724.app/AppIcon29x29@2x.png
copying file ./Payload/Gamebox7724.app/AppIcon29x29@2x~ipad.png ... 
3433 bytes for ./Payload/Gamebox7724.app/AppIcon29x29@2x~ipad.png
copying file ./Payload/Gamebox7724.app/AppIcon29x29@3x.png ... 
2018-03-30 01:06:47 +0000  4996 bytes for ./Payload/Gamebox7724.app/AppIcon29x29@3x.png
copying file ./Payload/Gamebox7724.app/AppIcon29x29~ipad.png ... 
2081 bytes for ./Payload/Gamebox7724.app/AppIcon29x29~ipad.png
copying file ./Payload/Gamebox7724.app/AppIcon40x40@2x.png ... 
2018-03-30 01:06:47 +0000  4655 bytes for ./Payload/Gamebox7724.app/AppIcon40x40@2x.png
copying file ./Payload/Gamebox7724.app/AppIcon40x40@2x~ipad.png ... 
4655 bytes for ./Payload/Gamebox7724.app/AppIcon40x40@2x~ipad.png
copying file ./Payload/Gamebox7724.app/AppIcon40x40@3x.png ... 
6367 bytes for ./Payload/Gamebox7724.app/AppIcon40x40@3x.png
copying file ./Payload/Gamebox7724.app/AppIcon40x40~ipad.png ... 
2018-03-30 01:06:47 +0000  2608 bytes for ./Payload/Gamebox7724.app/AppIcon40x40~ipad.png
copying file ./Payload/Gamebox7724.app/AppIcon60x60@2x.png ... 
2018-03-30 01:06:47 +0000  6367 bytes for ./Payload/Gamebox7724.app/AppIcon60x60@2x.png
copying file ./Payload/Gamebox7724.app/AppIcon60x60@3x.png ... 
2018-03-30 01:06:47 +0000  8991 bytes for ./Payload/Gamebox7724.app/AppIcon60x60@3x.png
copying file ./Payload/Gamebox7724.app/AppIcon76x76@2x~ipad.png ... 
2018-03-30 01:06:47 +0000  7816 bytes for ./Payload/Gamebox7724.app/AppIcon76x76@2x~ipad.png
copying file ./Payload/Gamebox7724.app/AppIcon76x76~ipad.png ... 
2018-03-30 01:06:47 +0000  4468 bytes for ./Payload/Gamebox7724.app/AppIcon76x76~ipad.png
copying file ./Payload/Gamebox7724.app/AppIcon83.5x83.5@2x~ipad.png ... 
2018-03-30 01:06:47 +0000  8403 bytes for ./Payload/Gamebox7724.app/AppIcon83.5x83.5@2x~ipad.png
copying file ./Payload/Gamebox7724.app/archived-expanded-entitlements.xcent ... 
2018-03-30 01:06:47 +0000  363 bytes for ./Payload/Gamebox7724.app/archived-expanded-entitlements.xcent
copying file ./Payload/Gamebox7724.app/Assets.car ... 
2018-03-30 01:06:47 +0000  6434640 bytes for ./Payload/Gamebox7724.app/Assets.car
copying file ./Payload/Gamebox7724.app/back@2x.png ... 
2018-03-30 01:06:47 +0000  613 bytes for ./Payload/Gamebox7724.app/back@2x.png
copying file ./Payload/Gamebox7724.app/back@3x.png ... 
2018-03-30 01:06:47 +0000  322 bytes for ./Payload/Gamebox7724.app/back@3x.png
copying file ./Payload/Gamebox7724.app/Base.lproj/LaunchScreen.storyboardc/01J-lp-oVM-view-Ze5-6b-2t3.nib ... 
1791 bytes for ./Payload/Gamebox7724.app/Base.lproj/LaunchScreen.storyboardc/01J-lp-oVM-view-Ze5-6b-2t3.nib
copying file ./Payload/Gamebox7724.app/Base.lproj/LaunchScreen.storyboardc/Info.plist ... 
258 bytes for ./Payload/Gamebox7724.app/Base.lproj/LaunchScreen.storyboardc/Info.plist
copying file ./Payload/Gamebox7724.app/Base.lproj/LaunchScreen.storyboardc/UIViewController-01J-lp-oVM.nib ... 
2018-03-30 01:06:47 +0000  832 bytes for ./Payload/Gamebox7724.app/Base.lproj/LaunchScreen.storyboardc/UIViewController-01J-lp-oVM.nib
copying file ./Payload/Gamebox7724.app/button_bar_background.png ... 
2018-03-30 01:06:47 +0000  2826 bytes for ./Payload/Gamebox7724.app/button_bar_background.png
copying file ./Payload/Gamebox7724.app/close@2x.png ... 
2018-03-30 01:06:47 +0000  800 bytes for ./Payload/Gamebox7724.app/close@2x.png
copying file ./Payload/Gamebox7724.app/close@3x.png ... 
1243 bytes for ./Payload/Gamebox7724.app/close@3x.png
copying file ./Payload/Gamebox7724.app/content.html ... 
2018-03-30 01:06:47 +0000  2906 bytes for ./Payload/Gamebox7724.app/content.html
copying file ./Payload/Gamebox7724.app/disclosure.png ... 
2018-03-30 01:06:47 +0000  119 bytes for ./Payload/Gamebox7724.app/disclosure.png
copying file ./Payload/Gamebox7724.app/disclosure_open.png ... 
135 bytes for ./Payload/Gamebox7724.app/disclosure_open.png
copying file ./Payload/Gamebox7724.app/embedded.mobileprovision ... 
2018-03-30 01:06:47 +0000  9814 bytes for ./Payload/Gamebox7724.app/embedded.mobileprovision
copying file ./Payload/Gamebox7724.app/EmojisList.plist ... 
2018-03-30 01:06:47 +0000  5793 bytes for ./Payload/Gamebox7724.app/EmojisList.plist
copying file ./Payload/Gamebox7724.app/eScenarioType.html ... 
2018-03-30 01:06:47 +0000  4300 bytes for ./Payload/Gamebox7724.app/eScenarioType.html
2018-03-30 01:06:47 +0000  copying file ./Payload/Gamebox7724.app/Frameworks/SocketRocket.framework/_CodeSignature/CodeResources ... 
2202 bytes for ./Payload/Gamebox7724.app/Frameworks/SocketRocket.framework/_CodeSignature/CodeResources
copying file ./Payload/Gamebox7724.app/Frameworks/SocketRocket.framework/Info.plist ... 
2018-03-30 01:06:47 +0000  755 bytes for ./Payload/Gamebox7724.app/Frameworks/SocketRocket.framework/Info.plist
copying file ./Payload/Gamebox7724.app/Frameworks/SocketRocket.framework/SocketRocket ... 
2018-03-30 01:06:47 +0000  332912 bytes for ./Payload/Gamebox7724.app/Frameworks/SocketRocket.framework/SocketRocket
2018-03-30 01:06:47 +0000  copying file ./Payload/Gamebox7724.app/Gamebox7724 ... 
2018-03-30 01:06:48 +0000  15325696 bytes for ./Payload/Gamebox7724.app/Gamebox7724
2018-03-30 01:06:48 +0000  copying file ./Payload/Gamebox7724.app/hierarchy.html ... 
2018-03-30 01:06:48 +0000  2164 bytes for ./Payload/Gamebox7724.app/hierarchy.html
copying file ./Payload/Gamebox7724.app/ico_check_nomal@2x.png ... 
2018-03-30 01:06:48 +0000  1204 bytes for ./Payload/Gamebox7724.app/ico_check_nomal@2x.png
copying file ./Payload/Gamebox7724.app/ico_check_nomal@3x.png ... 
2040 bytes for ./Payload/Gamebox7724.app/ico_check_nomal@3x.png
copying file ./Payload/Gamebox7724.app/ico_check_select@2x.png ... 
1002 bytes for ./Payload/Gamebox7724.app/ico_check_select@2x.png
copying file ./Payload/Gamebox7724.app/ico_check_select@3x.png ... 
1572 bytes for ./Payload/Gamebox7724.app/ico_check_select@3x.png
copying file ./Payload/Gamebox7724.app/index.html ... 
2018-03-30 01:06:48 +0000  2228 bytes for ./Payload/Gamebox7724.app/index.html
copying file ./Payload/Gamebox7724.app/Info.plist ... 
2018-03-30 01:06:48 +0000  3136 bytes for ./Payload/Gamebox7724.app/Info.plist
copying file ./Payload/Gamebox7724.app/LaunchImage-1100-Portrait-2436h@3x.png ... 
2018-03-30 01:06:48 +0000  504295 bytes for ./Payload/Gamebox7724.app/LaunchImage-1100-Portrait-2436h@3x.png
2018-03-30 01:06:48 +0000  copying file ./Payload/Gamebox7724.app/LaunchImage-700-568h@2x.png ... 
2018-03-30 01:06:48 +0000  198350 bytes for ./Payload/Gamebox7724.app/LaunchImage-700-568h@2x.png
2018-03-30 01:06:48 +0000  copying file ./Payload/Gamebox7724.app/LaunchImage-700@2x.png ... 
2018-03-30 01:06:48 +0000  151297 bytes for ./Payload/Gamebox7724.app/LaunchImage-700@2x.png
copying file ./Payload/Gamebox7724.app/LaunchImage-800-667h@2x.png ... 
2018-03-30 01:06:48 +0000  226364 bytes for ./Payload/Gamebox7724.app/LaunchImage-800-667h@2x.png
copying file ./Payload/Gamebox7724.app/LaunchImage-800-Portrait-736h@3x.png ... 
2018-03-30 01:06:48 +0000  526069 bytes for ./Payload/Gamebox7724.app/LaunchImage-800-Portrait-736h@3x.png
copying file ./Payload/Gamebox7724.app/library_background.png ... 
2018-03-30 01:06:48 +0000  287 bytes for ./Payload/Gamebox7724.app/library_background.png
copying file ./Payload/Gamebox7724.app/LICENSE ... 
1104 bytes for ./Payload/Gamebox7724.app/LICENSE
copying file ./Payload/Gamebox7724.app/LICENSE.txt ... 
2018-03-30 01:06:48 +0000  1272 bytes for ./Payload/Gamebox7724.app/LICENSE.txt
copying file ./Payload/Gamebox7724.app/LQPhotoViewCell.nib ... 
2018-03-30 01:06:48 +0000  3918 bytes for ./Payload/Gamebox7724.app/LQPhotoViewCell.nib
copying file ./Payload/Gamebox7724.app/MGroupCell.nib ... 
2018-03-30 01:06:48 +0000  2967 bytes for ./Payload/Gamebox7724.app/MGroupCell.nib
copying file ./Payload/Gamebox7724.app/MImaCell.nib ... 
2018-03-30 01:06:48 +0000  3214 bytes for ./Payload/Gamebox7724.app/MImaCell.nib
2018-03-30 01:06:48 +0000  copying file ./Payload/Gamebox7724.app/MJRefresh.bundle/arrow@2x.png ... 
1033 bytes for ./Payload/Gamebox7724.app/MJRefresh.bundle/arrow@2x.png
2018-03-30 01:06:48 +0000  copying file ./Payload/Gamebox7724.app/MJRefresh.bundle/en.lproj/Localizable.strings ... 
1318 bytes for ./Payload/Gamebox7724.app/MJRefresh.bundle/en.lproj/Localizable.strings
copying file ./Payload/Gamebox7724.app/MJRefresh.bundle/zh-Hans.lproj/Localizable.strings ... 
2018-03-30 01:06:48 +0000  1180 bytes for ./Payload/Gamebox7724.app/MJRefresh.bundle/zh-Hans.lproj/Localizable.strings
copying file ./Payload/Gamebox7724.app/MJRefresh.bundle/zh-Hant.lproj/Localizable.strings ... 
2018-03-30 01:06:48 +0000  773 bytes for ./Payload/Gamebox7724.app/MJRefresh.bundle/zh-Hant.lproj/Localizable.strings
copying file ./Payload/Gamebox7724.app/MobClick.html ... 
2018-03-30 01:06:48 +0000  54481 bytes for ./Payload/Gamebox7724.app/MobClick.html
copying file ./Payload/Gamebox7724.app/MobClickGameAnalytics.html ... 
2018-03-30 01:06:48 +0000  25857 bytes for ./Payload/Gamebox7724.app/MobClickGameAnalytics.html
copying file ./Payload/Gamebox7724.app/MobClickSocialAnalytics.html ... 
2018-03-30 01:06:48 +0000  5429 bytes for ./Payload/Gamebox7724.app/MobClickSocialAnalytics.html
copying file ./Payload/Gamebox7724.app/MobClickSocialAnalyticsCompletion.html ... 
2018-03-30 01:06:48 +0000  2846 bytes for ./Payload/Gamebox7724.app/MobClickSocialAnalyticsCompletion.html
copying file ./Payload/Gamebox7724.app/MobClickSocialWeibo.html ... 
2018-03-30 01:06:48 +0000  9205 bytes for ./Payload/Gamebox7724.app/MobClickSocialWeibo.html
copying file ./Payload/Gamebox7724.app/none.png ... 
2018-03-30 01:06:48 +0000  2825 bytes for ./Payload/Gamebox7724.app/none.png
copying file ./Payload/Gamebox7724.app/PkgInfo ... 
8 bytes for ./Payload/Gamebox7724.app/PkgInfo
copying file ./Payload/Gamebox7724.app/plus@2x.png ... 
2018-03-30 01:06:48 +0000  1396 bytes for ./Payload/Gamebox7724.app/plus@2x.png
copying file ./Payload/Gamebox7724.app/plus@3x.png ... 
2161 bytes for ./Payload/Gamebox7724.app/plus@3x.png
copying file ./Payload/Gamebox7724.app/read_me.txt ... 
1302 bytes for ./Payload/Gamebox7724.app/read_me.txt
copying file ./Payload/Gamebox7724.app/README.md ... 
2018-03-30 01:06:48 +0000  41621 bytes for ./Payload/Gamebox7724.app/README.md
copying file ./Payload/Gamebox7724.app/README.txt ... 
2018-03-30 01:06:48 +0000  321 bytes for ./Payload/Gamebox7724.app/README.txt
copying file ./Payload/Gamebox7724.app/screen_full@2x.png ... 
751 bytes for ./Payload/Gamebox7724.app/screen_full@2x.png
copying file ./Payload/Gamebox7724.app/screen_full@3x.png ... 
2018-03-30 01:06:48 +0000  765 bytes for ./Payload/Gamebox7724.app/screen_full@3x.png
copying file ./Payload/Gamebox7724.app/screen_unfull@2x.png ... 
2018-03-30 01:06:48 +0000  749 bytes for ./Payload/Gamebox7724.app/screen_unfull@2x.png
copying file ./Payload/Gamebox7724.app/screen_unfull@3x.png ... 
658 bytes for ./Payload/Gamebox7724.app/screen_unfull@3x.png
copying file ./Payload/Gamebox7724.app/script.js ... 
2018-03-30 01:06:48 +0000  1516 bytes for ./Payload/Gamebox7724.app/script.js
copying file ./Payload/Gamebox7724.app/SIAlertView.bundle/button-cancel-d.png ... 
2018-03-30 01:06:48 +0000  1041 bytes for ./Payload/Gamebox7724.app/SIAlertView.bundle/button-cancel-d.png
copying file ./Payload/Gamebox7724.app/SIAlertView.bundle/button-cancel-d@2x.png ... 
2018-03-30 01:06:48 +0000  1245 bytes for ./Payload/Gamebox7724.app/SIAlertView.bundle/button-cancel-d@2x.png
copying file ./Payload/Gamebox7724.app/SIAlertView.bundle/button-cancel.png ... 
2018-03-30 01:06:48 +0000  1030 bytes for ./Payload/Gamebox7724.app/SIAlertView.bundle/button-cancel.png
copying file ./Payload/Gamebox7724.app/SIAlertView.bundle/button-cancel@2x.png ... 
1179 bytes for ./Payload/Gamebox7724.app/SIAlertView.bundle/button-cancel@2x.png
copying file ./Payload/Gamebox7724.app/SIAlertView.bundle/button-default-d.png ... 
2018-03-30 01:06:48 +0000  1045 bytes for ./Payload/Gamebox7724.app/SIAlertView.bundle/button-default-d.png
copying file ./Payload/Gamebox7724.app/SIAlertView.bundle/button-default-d@2x.png ... 
2018-03-30 01:06:48 +0000  1247 bytes for ./Payload/Gamebox7724.app/SIAlertView.bundle/button-default-d@2x.png
copying file ./Payload/Gamebox7724.app/SIAlertView.bundle/button-default.png ... 
2018-03-30 01:06:48 +0000  1035 bytes for ./Payload/Gamebox7724.app/SIAlertView.bundle/button-default.png
copying file ./Payload/Gamebox7724.app/SIAlertView.bundle/button-default@2x.png ... 
2018-03-30 01:06:48 +0000  1178 bytes for ./Payload/Gamebox7724.app/SIAlertView.bundle/button-default@2x.png
copying file ./Payload/Gamebox7724.app/SIAlertView.bundle/button-destructive-d.png ... 
2018-03-30 01:06:48 +0000  1057 bytes for ./Payload/Gamebox7724.app/SIAlertView.bundle/button-destructive-d.png
copying file ./Payload/Gamebox7724.app/SIAlertView.bundle/button-destructive-d@2x.png ... 
1237 bytes for ./Payload/Gamebox7724.app/SIAlertView.bundle/button-destructive-d@2x.png
copying file ./Payload/Gamebox7724.app/SIAlertView.bundle/button-destructive.png ... 
2018-03-30 01:06:48 +0000  1033 bytes for ./Payload/Gamebox7724.app/SIAlertView.bundle/button-destructive.png
copying file ./Payload/Gamebox7724.app/SIAlertView.bundle/button-destructive@2x.png ... 
2018-03-30 01:06:48 +0000  1187 bytes for ./Payload/Gamebox7724.app/SIAlertView.bundle/button-destructive@2x.png
copying file ./Payload/Gamebox7724.app/snow.png ... 
2018-03-30 01:06:48 +0000  6195 bytes for ./Payload/Gamebox7724.app/snow.png
copying file ./Payload/Gamebox7724.app/style.css ... 
2018-03-30 01:06:48 +0000  7722 bytes for ./Payload/Gamebox7724.app/style.css
copying file ./Payload/Gamebox7724.app/style.scss ... 
2018-03-30 01:06:48 +0000  81 bytes for ./Payload/Gamebox7724.app/style.scss
copying file ./Payload/Gamebox7724.app/SVProgressHUD.bundle/angle-mask.png ... 
2018-03-30 01:06:48 +0000  3482 bytes for ./Payload/Gamebox7724.app/SVProgressHUD.bundle/angle-mask.png
copying file ./Payload/Gamebox7724.app/SVProgressHUD.bundle/angle-mask@2x.png ... 
2018-03-30 01:06:48 +0000  5614 bytes for ./Payload/Gamebox7724.app/SVProgressHUD.bundle/angle-mask@2x.png
copying file ./Payload/Gamebox7724.app/SVProgressHUD.bundle/angle-mask@3x.png ... 
2018-03-30 01:06:48 +0000  9389 bytes for ./Payload/Gamebox7724.app/SVProgressHUD.bundle/angle-mask@3x.png
copying file ./Payload/Gamebox7724.app/SVProgressHUD.bundle/error.png ... 
2018-03-30 01:06:48 +0000  455 bytes for ./Payload/Gamebox7724.app/SVProgressHUD.bundle/error.png
copying file ./Payload/Gamebox7724.app/SVProgressHUD.bundle/error@2x.png ... 
2018-03-30 01:06:48 +0000  1137 bytes for ./Payload/Gamebox7724.app/SVProgressHUD.bundle/error@2x.png
copying file ./Payload/Gamebox7724.app/SVProgressHUD.bundle/error@3x.png ... 
2018-03-30 01:06:48 +0000  2315 bytes for ./Payload/Gamebox7724.app/SVProgressHUD.bundle/error@3x.png
copying file ./Payload/Gamebox7724.app/SVProgressHUD.bundle/info.png ... 
2018-03-30 01:06:48 +0000  1123 bytes for ./Payload/Gamebox7724.app/SVProgressHUD.bundle/info.png
copying file ./Payload/Gamebox7724.app/SVProgressHUD.bundle/info@2x.png ... 
2018-03-30 01:06:48 +0000  2554 bytes for ./Payload/Gamebox7724.app/SVProgressHUD.bundle/info@2x.png
copying file ./Payload/Gamebox7724.app/SVProgressHUD.bundle/info@3x.png ... 
2018-03-30 01:06:48 +0000  4385 bytes for ./Payload/Gamebox7724.app/SVProgressHUD.bundle/info@3x.png
copying file ./Payload/Gamebox7724.app/SVProgressHUD.bundle/success.png ... 
349 bytes for ./Payload/Gamebox7724.app/SVProgressHUD.bundle/success.png
copying file ./Payload/Gamebox7724.app/SVProgressHUD.bundle/success@2x.png ... 
2018-03-30 01:06:48 +0000  811 bytes for ./Payload/Gamebox7724.app/SVProgressHUD.bundle/success@2x.png
copying file ./Payload/Gamebox7724.app/SVProgressHUD.bundle/success@3x.png ... 
2018-03-30 01:06:48 +0000  1576 bytes for ./Payload/Gamebox7724.app/SVProgressHUD.bundle/success@3x.png
copying file ./Payload/Gamebox7724.app/TencentOpenApi_IOS_Bundle.bundle/error.png ... 
2018-03-30 01:06:48 +0000  1578 bytes for ./Payload/Gamebox7724.app/TencentOpenApi_IOS_Bundle.bundle/error.png
copying file ./Payload/Gamebox7724.app/TencentOpenApi_IOS_Bundle.bundle/local.html ... 
2018-03-30 01:06:48 +0000  4556 bytes for ./Payload/Gamebox7724.app/TencentOpenApi_IOS_Bundle.bundle/local.html
copying file ./Payload/Gamebox7724.app/TencentOpenApi_IOS_Bundle.bundle/qqicon.png ... 
2018-03-30 01:06:48 +0000  1855 bytes for ./Payload/Gamebox7724.app/TencentOpenApi_IOS_Bundle.bundle/qqicon.png
copying file ./Payload/Gamebox7724.app/TencentOpenApi_IOS_Bundle.bundle/success.png ... 
2018-03-30 01:06:48 +0000  1761 bytes for ./Payload/Gamebox7724.app/TencentOpenApi_IOS_Bundle.bundle/success.png
copying file ./Payload/Gamebox7724.app/title_background.png ... 
2018-03-30 01:06:48 +0000  222 bytes for ./Payload/Gamebox7724.app/title_background.png
copying file ./Payload/Gamebox7724.app/UMAnalytics_Sdk_ReleaseNotes.html ... 
2018-03-30 01:06:48 +0000  17916 bytes for ./Payload/Gamebox7724.app/UMAnalytics_Sdk_ReleaseNotes.html
copying file ./Payload/Gamebox7724.app/UMAnalyticsConfig.html ... 
2018-03-30 01:06:48 +0000  9291 bytes for ./Payload/Gamebox7724.app/UMAnalyticsConfig.html
2018-03-30 01:06:48 +0000  copying file ./Payload/Gamebox7724.app/UMSocialSDKResources.bundle/Buttons/UMS_add_friend_off@2x.png ... 
134 bytes for ./Payload/Gamebox7724.app/UMSocialSDKResources.bundle/Buttons/UMS_add_friend_off@2x.png
copying file ./Payload/Gamebox7724.app/UMSocialSDKResources.bundle/Buttons/UMS_delete_image_button_normal@2x.png ... 
2018-03-30 01:06:48 +0000  891 bytes for ./Payload/Gamebox7724.app/UMSocialSDKResources.bundle/Buttons/UMS_delete_image_button_normal@2x.png
copying file ./Payload/Gamebox7724.app/UMSocialSDKResources.bundle/Buttons/UMS_nav_button_close@2x.png ... 
2018-03-30 01:06:48 +0000  500 bytes for ./Payload/Gamebox7724.app/UMSocialSDKResources.bundle/Buttons/UMS_nav_button_close@2x.png
copying file ./Payload/Gamebox7724.app/UMSocialSDKResources.bundle/Buttons/UMS_nav_button_send@2x.png ... 
2018-03-30 01:06:48 +0000  1624 bytes for ./Payload/Gamebox7724.app/UMSocialSDKResources.bundle/Buttons/UMS_nav_button_send@2x.png
copying file ./Payload/Gamebox7724.app/UMSocialSDKResources.bundle/Buttons/UMS_url_image@2x.png ... 
2018-03-30 01:06:48 +0000  1562 bytes for ./Payload/Gamebox7724.app/UMSocialSDKResources.bundle/Buttons/UMS_url_image@2x.png
copying file ./Payload/Gamebox7724.app/UMSocialSDKResources.bundle/Buttons/UMS_url_music@2x.png ... 
2018-03-30 01:06:48 +0000  1771 bytes for ./Payload/Gamebox7724.app/UMSocialSDKResources.bundle/Buttons/UMS_url_music@2x.png
copying file ./Payload/Gamebox7724.app/UMSocialSDKResources.bundle/Buttons/UMS_url_video@2x.png ... 
2062 bytes for ./Payload/Gamebox7724.app/UMSocialSDKResources.bundle/Buttons/UMS_url_video@2x.png
2018-03-30 01:06:48 +0000  copying file ./Payload/Gamebox7724.app/UMSocialSDKResources.bundle/en.lproj/UMSocialLocalizable.strings ... 
2018-03-30 01:06:48 +0000  6398 bytes for ./Payload/Gamebox7724.app/UMSocialSDKResources.bundle/en.lproj/UMSocialLocalizable.strings
2018-03-30 01:06:48 +0000  copying file ./Payload/Gamebox7724.app/UMSocialSDKResources.bundle/UMSocialPlatformTheme/default/umsocial_alipay.png ... 
2018-03-30 01:06:48 +0000  1370 bytes for ./Payload/Gamebox7724.app/UMSocialSDKResources.bundle/UMSocialPlatformTheme/default/umsocial_alipay.png
copying file ./Payload/Gamebox7724.app/UMSocialSDKResources.bundle/UMSocialPlatformTheme/default/umsocial_default.png ... 
2018-03-30 01:06:48 +0000  4203 bytes for ./Payload/Gamebox7724.app/UMSocialSDKResources.bundle/UMSocialPlatformTheme/default/umsocial_default.png
copying file ./Payload/Gamebox7724.app/UMSocialSDKResources.bundle/UMSocialPlatformTheme/default/umsocial_dingding.png ... 
2018-03-30 01:06:48 +0000  1390 bytes for ./Payload/Gamebox7724.app/UMSocialSDKResources.bundle/UMSocialPlatformTheme/default/umsocial_dingding.png
copying file ./Payload/Gamebox7724.app/UMSocialSDKResources.bundle/UMSocialPlatformTheme/default/umsocial_douban.png ... 
2018-03-30 01:06:48 +0000  813 bytes for ./Payload/Gamebox7724.app/UMSocialSDKResources.bundle/UMSocialPlatformTheme/default/umsocial_douban.png
copying file ./Payload/Gamebox7724.app/UMSocialSDKResources.bundle/UMSocialPlatformTheme/default/umsocial_dropbox.png ... 
1692 bytes for ./Payload/Gamebox7724.app/UMSocialSDKResources.bundle/UMSocialPlatformTheme/default/umsocial_dropbox.png
copying file ./Payload/Gamebox7724.app/UMSocialSDKResources.bundle/UMSocialPlatformTheme/default/umsocial_email.png ... 
2018-03-30 01:06:48 +0000  1211 bytes for ./Payload/Gamebox7724.app/UMSocialSDKResources.bundle/UMSocialPlatformTheme/default/umsocial_email.png
copying file ./Payload/Gamebox7724.app/UMSocialSDKResources.bundle/UMSocialPlatformTheme/default/umsocial_evernote.png ... 
2018-03-30 01:06:48 +0000  1267 bytes for ./Payload/Gamebox7724.app/UMSocialSDKResources.bundle/UMSocialPlatformTheme/default/umsocial_evernote.png
copying file ./Payload/Gamebox7724.app/UMSocialSDKResources.bundle/UMSocialPlatformTheme/default/umsocial_facebook.png ... 
2018-03-30 01:06:48 +0000  1468 bytes for ./Payload/Gamebox7724.app/UMSocialSDKResources.bundle/UMSocialPlatformTheme/default/umsocial_facebook.png
copying file ./Payload/Gamebox7724.app/UMSocialSDKResources.bundle/UMSocialPlatformTheme/default/umsocial_facebookmessenger.png ... 
2018-03-30 01:06:48 +0000  1749 bytes for ./Payload/Gamebox7724.app/UMSocialSDKResources.bundle/UMSocialPlatformTheme/default/umsocial_facebookmessenger.png
copying file ./Payload/Gamebox7724.app/UMSocialSDKResources.bundle/UMSocialPlatformTheme/default/umsocial_flickr.png ... 
979 bytes for ./Payload/Gamebox7724.app/UMSocialSDKResources.bundle/UMSocialPlatformTheme/default/umsocial_flickr.png
copying file ./Payload/Gamebox7724.app/UMSocialSDKResources.bundle/UMSocialPlatformTheme/default/umsocial_googleplus.png ... 
2018-03-30 01:06:48 +0000  2320 bytes for ./Payload/Gamebox7724.app/UMSocialSDKResources.bundle/UMSocialPlatformTheme/default/umsocial_googleplus.png
copying file ./Payload/Gamebox7724.app/UMSocialSDKResources.bundle/UMSocialPlatformTheme/default/umsocial_instagram.png ... 
2018-03-30 01:06:48 +0000  1952 bytes for ./Payload/Gamebox7724.app/UMSocialSDKResources.bundle/UMSocialPlatformTheme/default/umsocial_instagram.png
copying file ./Payload/Gamebox7724.app/UMSocialSDKResources.bundle/UMSocialPlatformTheme/default/umsocial_kakaoTalk.png ... 
2018-03-30 01:06:48 +0000  1893 bytes for ./Payload/Gamebox7724.app/UMSocialSDKResources.bundle/UMSocialPlatformTheme/default/umsocial_kakaoTalk.png
copying file ./Payload/Gamebox7724.app/UMSocialSDKResources.bundle/UMSocialPlatformTheme/default/umsocial_line.png ... 
2018-03-30 01:06:48 +0000  1720 bytes for ./Payload/Gamebox7724.app/UMSocialSDKResources.bundle/UMSocialPlatformTheme/default/umsocial_line.png
copying file ./Payload/Gamebox7724.app/UMSocialSDKResources.bundle/UMSocialPlatformTheme/default/umsocial_linkedin.png ... 
2018-03-30 01:06:48 +0000  1637 bytes for ./Payload/Gamebox7724.app/UMSocialSDKResources.bundle/UMSocialPlatformTheme/default/umsocial_linkedin.png
copying file ./Payload/Gamebox7724.app/UMSocialSDKResources.bundle/UMSocialPlatformTheme/default/umsocial_lw_session.png ... 
2018-03-30 01:06:48 +0000  2391 bytes for ./Payload/Gamebox7724.app/UMSocialSDKResources.bundle/UMSocialPlatformTheme/default/umsocial_lw_session.png
copying file ./Payload/Gamebox7724.app/UMSocialSDKResources.bundle/UMSocialPlatformTheme/default/umsocial_lw_timeline.png ... 
2018-03-30 01:06:48 +0000  1139 bytes for ./Payload/Gamebox7724.app/UMSocialSDKResources.bundle/UMSocialPlatformTheme/default/umsocial_lw_timeline.png
copying file ./Payload/Gamebox7724.app/UMSocialSDKResources.bundle/UMSocialPlatformTheme/default/umsocial_pinterest.png ... 
2018-03-30 01:06:48 +0000  1987 bytes for ./Payload/Gamebox7724.app/UMSocialSDKResources.bundle/UMSocialPlatformTheme/default/umsocial_pinterest.png
copying file ./Payload/Gamebox7724.app/UMSocialSDKResources.bundle/UMSocialPlatformTheme/default/umsocial_pocket.png ... 
2018-03-30 01:06:48 +0000  1405 bytes for ./Payload/Gamebox7724.app/UMSocialSDKResources.bundle/UMSocialPlatformTheme/default/umsocial_pocket.png
copying file ./Payload/Gamebox7724.app/UMSocialSDKResources.bundle/UMSocialPlatformTheme/default/umsocial_qq.png ... 
2018-03-30 01:06:48 +0000  3505 bytes for ./Payload/Gamebox7724.app/UMSocialSDKResources.bundle/UMSocialPlatformTheme/default/umsocial_qq.png
copying file ./Payload/Gamebox7724.app/UMSocialSDKResources.bundle/UMSocialPlatformTheme/default/umsocial_qzone.png ... 
2083 bytes for ./Payload/Gamebox7724.app/UMSocialSDKResources.bundle/UMSocialPlatformTheme/default/umsocial_qzone.png
copying file ./Payload/Gamebox7724.app/UMSocialSDKResources.bundle/UMSocialPlatformTheme/default/umsocial_renren.png ... 
2018-03-30 01:06:48 +0000  1529 bytes for ./Payload/Gamebox7724.app/UMSocialSDKResources.bundle/UMSocialPlatformTheme/default/umsocial_renren.png
copying file ./Payload/Gamebox7724.app/UMSocialSDKResources.bundle/UMSocialPlatformTheme/default/umsocial_sina.png ... 
2018-03-30 01:06:48 +0000  2581 bytes for ./Payload/Gamebox7724.app/UMSocialSDKResources.bundle/UMSocialPlatformTheme/default/umsocial_sina.png
copying file ./Payload/Gamebox7724.app/UMSocialSDKResources.bundle/UMSocialPlatformTheme/default/umsocial_sms.png ... 
2018-03-30 01:06:48 +0000  1127 bytes for ./Payload/Gamebox7724.app/UMSocialSDKResources.bundle/UMSocialPlatformTheme/default/umsocial_sms.png
copying file ./Payload/Gamebox7724.app/UMSocialSDKResources.bundle/UMSocialPlatformTheme/default/umsocial_tencentWB.png ... 
2018-03-30 01:06:48 +0000  1943 bytes for ./Payload/Gamebox7724.app/UMSocialSDKResources.bundle/UMSocialPlatformTheme/default/umsocial_tencentWB.png
copying file ./Payload/Gamebox7724.app/UMSocialSDKResources.bundle/UMSocialPlatformTheme/default/umsocial_tumblr.png ... 
1564 bytes for ./Payload/Gamebox7724.app/UMSocialSDKResources.bundle/UMSocialPlatformTheme/default/umsocial_tumblr.png
2018-03-30 01:06:48 +0000  copying file ./Payload/Gamebox7724.app/UMSocialSDKResources.bundle/UMSocialPlatformTheme/default/umsocial_twitter.png ... 
1442 bytes for ./Payload/Gamebox7724.app/UMSocialSDKResources.bundle/UMSocialPlatformTheme/default/umsocial_twitter.png
2018-03-30 01:06:48 +0000  copying file ./Payload/Gamebox7724.app/UMSocialSDKResources.bundle/UMSocialPlatformTheme/default/umsocial_vkontakte.png ... 
2018-03-30 01:06:48 +0000  1867 bytes for ./Payload/Gamebox7724.app/UMSocialSDKResources.bundle/UMSocialPlatformTheme/default/umsocial_vkontakte.png
copying file ./Payload/Gamebox7724.app/UMSocialSDKResources.bundle/UMSocialPlatformTheme/default/umsocial_wechat.png ... 
2018-03-30 01:06:48 +0000  1628 bytes for ./Payload/Gamebox7724.app/UMSocialSDKResources.bundle/UMSocialPlatformTheme/default/umsocial_wechat.png
copying file ./Payload/Gamebox7724.app/UMSocialSDKResources.bundle/UMSocialPlatformTheme/default/umsocial_wechat_favorite.png ... 
2018-03-30 01:06:48 +0000  1179 bytes for ./Payload/Gamebox7724.app/UMSocialSDKResources.bundle/UMSocialPlatformTheme/default/umsocial_wechat_favorite.png
copying file ./Payload/Gamebox7724.app/UMSocialSDKResources.bundle/UMSocialPlatformTheme/default/umsocial_wechat_timeline.png ... 
2018-03-30 01:06:48 +0000  1506 bytes for ./Payload/Gamebox7724.app/UMSocialSDKResources.bundle/UMSocialPlatformTheme/default/umsocial_wechat_timeline.png
copying file ./Payload/Gamebox7724.app/UMSocialSDKResources.bundle/UMSocialPlatformTheme/default/umsocial_whatsapp.png ... 
1832 bytes for ./Payload/Gamebox7724.app/UMSocialSDKResources.bundle/UMSocialPlatformTheme/default/umsocial_whatsapp.png
copying file ./Payload/Gamebox7724.app/UMSocialSDKResources.bundle/UMSocialPlatformTheme/default/umsocial_yixin_favorite.png ... 
2018-03-30 01:06:48 +0000  4145 bytes for ./Payload/Gamebox7724.app/UMSocialSDKResources.bundle/UMSocialPlatformTheme/default/umsocial_yixin_favorite.png
copying file ./Payload/Gamebox7724.app/UMSocialSDKResources.bundle/UMSocialPlatformTheme/default/umsocial_yixin_session.png ... 
2018-03-30 01:06:48 +0000  1833 bytes for ./Payload/Gamebox7724.app/UMSocialSDKResources.bundle/UMSocialPlatformTheme/default/umsocial_yixin_session.png
copying file ./Payload/Gamebox7724.app/UMSocialSDKResources.bundle/UMSocialPlatformTheme/default/umsocial_yixin_timeline.png ... 
2199 bytes for ./Payload/Gamebox7724.app/UMSocialSDKResources.bundle/UMSocialPlatformTheme/default/umsocial_yixin_timeline.png
copying file ./Payload/Gamebox7724.app/UMSocialSDKResources.bundle/UMSocialPlatformTheme/default/umsocial_youdaonote.png ... 
2018-03-30 01:06:48 +0000  1158 bytes for ./Payload/Gamebox7724.app/UMSocialSDKResources.bundle/UMSocialPlatformTheme/default/umsocial_youdaonote.png
copying file ./Payload/Gamebox7724.app/UMSocialSDKResources.bundle/UMSocialWaterMark/umsocial_defaultwatermark.png ... 
2018-03-30 01:06:48 +0000  3003 bytes for ./Payload/Gamebox7724.app/UMSocialSDKResources.bundle/UMSocialWaterMark/umsocial_defaultwatermark.png
2018-03-30 01:06:48 +0000  copying file ./Payload/Gamebox7724.app/UMSocialSDKResources.bundle/zh-Hans.lproj/UMSocialLocalizable.strings ... 
2018-03-30 01:06:48 +0000  6577 bytes for ./Payload/Gamebox7724.app/UMSocialSDKResources.bundle/zh-Hans.lproj/UMSocialLocalizable.strings
copying file ./Payload/Gamebox7724.app/video_pause@2x.png ... 
2018-03-30 01:06:48 +0000  435 bytes for ./Payload/Gamebox7724.app/video_pause@2x.png
copying file ./Payload/Gamebox7724.app/video_pause@3x.png ... 
2018-03-30 01:06:48 +0000  285 bytes for ./Payload/Gamebox7724.app/video_pause@3x.png
copying file ./Payload/Gamebox7724.app/video_play@2x.png ... 
704 bytes for ./Payload/Gamebox7724.app/video_play@2x.png
2018-03-30 01:06:48 +0000  copying file ./Payload/Gamebox7724.app/video_play@3x.png ... 
664 bytes for ./Payload/Gamebox7724.app/video_play@3x.png
2018-03-30 01:06:48 +0000  copying file ./Payload/Gamebox7724.app/WeiboSDK.bundle/images/alert_error_icon@2x.png ... 
342 bytes for ./Payload/Gamebox7724.app/WeiboSDK.bundle/images/alert_error_icon@2x.png
copying file ./Payload/Gamebox7724.app/WeiboSDK.bundle/images/alert_success_icon@2x.png ... 
2018-03-30 01:06:48 +0000  419 bytes for ./Payload/Gamebox7724.app/WeiboSDK.bundle/images/alert_success_icon@2x.png
copying file ./Payload/Gamebox7724.app/WeiboSDK.bundle/images/close.png ... 
2018-03-30 01:06:48 +0000  1644 bytes for ./Payload/Gamebox7724.app/WeiboSDK.bundle/images/close.png
copying file ./Payload/Gamebox7724.app/WeiboSDK.bundle/images/close@2x.png ... 
2018-03-30 01:06:48 +0000  5320 bytes for ./Payload/Gamebox7724.app/WeiboSDK.bundle/images/close@2x.png
copying file ./Payload/Gamebox7724.app/WeiboSDK.bundle/images/common_button_big_blue@2x.png ... 
2018-03-30 01:06:48 +0000  351 bytes for ./Payload/Gamebox7724.app/WeiboSDK.bundle/images/common_button_big_blue@2x.png
copying file ./Payload/Gamebox7724.app/WeiboSDK.bundle/images/common_button_big_blue_disable@2x.png ... 
396 bytes for ./Payload/Gamebox7724.app/WeiboSDK.bundle/images/common_button_big_blue_disable@2x.png
copying file ./Payload/Gamebox7724.app/WeiboSDK.bundle/images/common_button_big_blue_highlighted@2x.png ... 
2018-03-30 01:06:48 +0000  395 bytes for ./Payload/Gamebox7724.app/WeiboSDK.bundle/images/common_button_big_blue_highlighted@2x.png
copying file ./Payload/Gamebox7724.app/WeiboSDK.bundle/images/common_button_white.png ... 
2018-03-30 01:06:48 +0000  400 bytes for ./Payload/Gamebox7724.app/WeiboSDK.bundle/images/common_button_white.png
copying file ./Payload/Gamebox7724.app/WeiboSDK.bundle/images/common_button_white@2x.png ... 
367 bytes for ./Payload/Gamebox7724.app/WeiboSDK.bundle/images/common_button_white@2x.png
copying file ./Payload/Gamebox7724.app/WeiboSDK.bundle/images/common_button_white_highlighted.png ... 
2018-03-30 01:06:48 +0000  409 bytes for ./Payload/Gamebox7724.app/WeiboSDK.bundle/images/common_button_white_highlighted.png
copying file ./Payload/Gamebox7724.app/WeiboSDK.bundle/images/common_button_white_highlighted@2x.png ... 
2018-03-30 01:06:48 +0000  378 bytes for ./Payload/Gamebox7724.app/WeiboSDK.bundle/images/common_button_white_highlighted@2x.png
copying file ./Payload/Gamebox7724.app/WeiboSDK.bundle/images/common_icon_arrow@2x.png ... 
193 bytes for ./Payload/Gamebox7724.app/WeiboSDK.bundle/images/common_icon_arrow@2x.png
copying file ./Payload/Gamebox7724.app/WeiboSDK.bundle/images/compose_keyboardbutton_background.png ... 
2018-03-30 01:06:48 +0000  473 bytes for ./Payload/Gamebox7724.app/WeiboSDK.bundle/images/compose_keyboardbutton_background.png
copying file ./Payload/Gamebox7724.app/WeiboSDK.bundle/images/compose_keyboardbutton_background@2x.png ... 
2018-03-30 01:06:48 +0000  1205 bytes for ./Payload/Gamebox7724.app/WeiboSDK.bundle/images/compose_keyboardbutton_background@2x.png
copying file ./Payload/Gamebox7724.app/WeiboSDK.bundle/images/compose_toolbar_background.png ... 
284 bytes for ./Payload/Gamebox7724.app/WeiboSDK.bundle/images/compose_toolbar_background.png
copying file ./Payload/Gamebox7724.app/WeiboSDK.bundle/images/compose_toolbar_background@2x.png ... 
2018-03-30 01:06:48 +0000  943 bytes for ./Payload/Gamebox7724.app/WeiboSDK.bundle/images/compose_toolbar_background@2x.png
copying file ./Payload/Gamebox7724.app/WeiboSDK.bundle/images/empty_failed.png ... 
2018-03-30 01:06:48 +0000  2933 bytes for ./Payload/Gamebox7724.app/WeiboSDK.bundle/images/empty_failed.png
copying file ./Payload/Gamebox7724.app/WeiboSDK.bundle/images/empty_failed@2x.png ... 
2018-03-30 01:06:48 +0000  4136 bytes for ./Payload/Gamebox7724.app/WeiboSDK.bundle/images/empty_failed@2x.png
copying file ./Payload/Gamebox7724.app/WeiboSDK.bundle/images/login_background@2x.png ... 
232 bytes for ./Payload/Gamebox7724.app/WeiboSDK.bundle/images/login_background@2x.png
copying file ./Payload/Gamebox7724.app/WeiboSDK.bundle/images/login_country_background@2x.png ... 
2018-03-30 01:06:48 +0000  114 bytes for ./Payload/Gamebox7724.app/WeiboSDK.bundle/images/login_country_background@2x.png
copying file ./Payload/Gamebox7724.app/WeiboSDK.bundle/images/login_country_background_highlighted@2x.png ... 
114 bytes for ./Payload/Gamebox7724.app/WeiboSDK.bundle/images/login_country_background_highlighted@2x.png
copying file ./Payload/Gamebox7724.app/WeiboSDK.bundle/images/navigationbar_background.png ... 
2018-03-30 01:06:48 +0000  290 bytes for ./Payload/Gamebox7724.app/WeiboSDK.bundle/images/navigationbar_background.png
copying file ./Payload/Gamebox7724.app/WeiboSDK.bundle/images/navigationbar_background@2x.png ... 
142 bytes for ./Payload/Gamebox7724.app/WeiboSDK.bundle/images/navigationbar_background@2x.png
2018-03-30 01:06:48 +0000  copying file ./Payload/Gamebox7724.app/WeiboSDK.bundle/images/navigationbar_background_os7.png ... 
285 bytes for ./Payload/Gamebox7724.app/WeiboSDK.bundle/images/navigationbar_background_os7.png
copying file ./Payload/Gamebox7724.app/WeiboSDK.bundle/images/navigationbar_background_os7@2x.png ... 
2018-03-30 01:06:48 +0000  138 bytes for ./Payload/Gamebox7724.app/WeiboSDK.bundle/images/navigationbar_background_os7@2x.png
copying file ./Payload/Gamebox7724.app/WeiboSDK.bundle/images/progresshud_background@2x.png ... 
188 bytes for ./Payload/Gamebox7724.app/WeiboSDK.bundle/images/progresshud_background@2x.png
copying file ./Payload/Gamebox7724.app/WeiboSDK.bundle/images/sdk_weibo_logo.png ... 
2018-03-30 01:06:48 +0000  1240 bytes for ./Payload/Gamebox7724.app/WeiboSDK.bundle/images/sdk_weibo_logo.png
copying file ./Payload/Gamebox7724.app/WeiboSDK.bundle/images/sdk_weibo_logo@2x.png ... 
2018-03-30 01:06:48 +0000  2658 bytes for ./Payload/Gamebox7724.app/WeiboSDK.bundle/images/sdk_weibo_logo@2x.png
copying file ./Payload/Gamebox7724.app/WeiboSDK.bundle/images/sdk_weibo_logo@3x.png ... 
2018-03-30 01:06:48 +0000  2942 bytes for ./Payload/Gamebox7724.app/WeiboSDK.bundle/images/sdk_weibo_logo@3x.png
copying file ./Payload/Gamebox7724.app/WeiboSDK.bundle/images/timeline_relationship_icon_addattention.png ... 
362 bytes for ./Payload/Gamebox7724.app/WeiboSDK.bundle/images/timeline_relationship_icon_addattention.png
copying file ./Payload/Gamebox7724.app/WeiboSDK.bundle/images/timeline_relationship_icon_addattention@2x.png ... 
2018-03-30 01:06:48 +0000  1094 bytes for ./Payload/Gamebox7724.app/WeiboSDK.bundle/images/timeline_relationship_icon_addattention@2x.png
copying file ./Payload/Gamebox7724.app/WeiboSDK.bundle/images/timeline_relationship_icon_addattention@3x.png ... 
2018-03-30 01:06:48 +0000  181 bytes for ./Payload/Gamebox7724.app/WeiboSDK.bundle/images/timeline_relationship_icon_addattention@3x.png
copying file ./Payload/Gamebox7724.app/WeiboSDK.bundle/images/timeline_relationship_icon_attention.png ... 
413 bytes for ./Payload/Gamebox7724.app/WeiboSDK.bundle/images/timeline_relationship_icon_attention.png
copying file ./Payload/Gamebox7724.app/WeiboSDK.bundle/images/timeline_relationship_icon_attention@2x.png ... 
2018-03-30 01:06:48 +0000  1317 bytes for ./Payload/Gamebox7724.app/WeiboSDK.bundle/images/timeline_relationship_icon_attention@2x.png
copying file ./Payload/Gamebox7724.app/WeiboSDK.bundle/images/timeline_relationship_icon_attention@3x.png ... 
2018-03-30 01:06:48 +0000  507 bytes for ./Payload/Gamebox7724.app/WeiboSDK.bundle/images/timeline_relationship_icon_attention@3x.png
copying file ./Payload/Gamebox7724.app/WeiboSDK.bundle/images/verify_code_button@2x.png ... 
1070 bytes for ./Payload/Gamebox7724.app/WeiboSDK.bundle/images/verify_code_button@2x.png
copying file ./Payload/Gamebox7724.app/WeiboSDK.bundle/images/verify_code_button@3x.png ... 
2018-03-30 01:06:48 +0000  1922 bytes for ./Payload/Gamebox7724.app/WeiboSDK.bundle/images/verify_code_button@3x.png
copying file ./Payload/Gamebox7724.app/WeiboSDK.bundle/images/verify_code_button_highlighted@2x.png ... 
2018-03-30 01:06:48 +0000  1070 bytes for ./Payload/Gamebox7724.app/WeiboSDK.bundle/images/verify_code_button_highlighted@2x.png
copying file ./Payload/Gamebox7724.app/WeiboSDK.bundle/images/verify_code_button_highlighted@3x.png ... 
2018-03-30 01:06:48 +0000  1677 bytes for ./Payload/Gamebox7724.app/WeiboSDK.bundle/images/verify_code_button_highlighted@3x.png
copying file ./Payload/Gamebox7724.app/WeiboSDK.bundle/others/countryList ... 
2018-03-30 01:06:48 +0000  826 bytes for ./Payload/Gamebox7724.app/WeiboSDK.bundle/others/countryList
copying file ./Payload/Gamebox7724.app/WeiboSDK.bundle/others/mfp.cer ... 
2018-03-30 01:06:48 +0000  577 bytes for ./Payload/Gamebox7724.app/WeiboSDK.bundle/others/mfp.cer
2018-03-30 01:06:48 +0000  2018-03-30 01:06:48 +0000  

2018-03-30 01:06:48 +0000  /usr/bin/ditto exited with 0
2018-03-30 01:06:48 +0000  
2018-03-30 01:06:48 +0000  
2018-03-30 01:06:48 +0000  Processing step: IDEDistributionCreateManifestStep
